IBM XL C/C++ for Linux, Version 13.1.3.0 --- test_cpu.c Tue 26 Jan 2016 12:58:13 AM CST

>>>>> OPTIONS SECTION <<<<<

<clang cmd options>
xlC
test_cpu.c
--
-std=gnu99
-fstrict-aliasing
-D_REENTRANT
-D__VACPP_MULTI__
-ftls-model
-m64
-D_CALL_SYSV
-D__null=0
-D__NO_MATH_INLINES
-D_CALL_ELF=2
-Wno-parentheses
-Wno-unused-value
-ftls-model
-m64
-O3
-fno-strict-aliasing
-maltivec
-fopenmp
-isystem:/opt/ibm/xlsmp/4.1.3/include
-isystem:/opt/ibm/xlsmp/4.1.3/include
-isystem:/opt/ibm/xlmass/8.1.3/include
-isystem:/opt/ibm/xlC/13.1.3/include
-isystem:/opt/ibm/xlC/13.1.3/include
-isystem:/usr/local/include
-isystem:/opt/ibm/xlC/13.1.3/include
-isystem:/usr/include/powerpc64le-linux-gnu
-isystem:/usr/include
-nostdinc
-fno-pic
-fno-PIC
-mcpu=power8
-mtune=power8
-xc
-fno-lax-vector-conversions
</clang cmd options>

ALTIVEC         ALTIVEC=BE      NOCOMPACT       SIMD=AUTO       
VISIBILITY=DEFAULT              IGNERRNO        INLINE=AUTO:LEVEL=5             
LIST            NOSTRICT        NOSTRICT_INDUCTION              THREADED        
ALIAS=NOANSI:NOTYPEPTR:NOALLPTRS:NOADDRTAKEN:RESTRICT:NOGLOBAL  ARCH=PWR8       
FLOAT=NOHSFLT:RNDSNGL:NOHSSNGL:MAF:NORRM:FOLD:NONANS:RSQRT:NORELAX:FLTINT:NOEMULATE:COMPLEXGCC:NORNGCHK:GCCLONGDOUBLE:NODFPEMULATE:SINGLE:NOHSCMPLX:NOFENV:NOSUBNORMALS         
HOT=NOARRAYPAD:ARRAYPAD=0:VECTOR:LEVEL=2:FASTMATH               
GCC_C_STDINC=/opt/ibm/xlC/13.1.3/include:/usr/local/include:/opt/ibm/xlC/13.1.3/include:/usr/include/powerpc64le-linux-gnu:/usr/include         
LANGLVL=EXTC99  MAXMEM=-1       OPT=3           OBJECTMODE=64                   
SHOWPDF=NO      SMP             SMP=NOAUTO      SMP=OPT         SMP=NOOMP       
TBTABLE=SMALL   TLS=DEFAULT     TMPLPARSE=NO    TUNE=PWR8       

>>>>> FILE TABLE SECTION <<<<<
      0  =  test_cpu.c
      3  =  /usr/include/stdlib.h
      4  =  /usr/include/powerpc64le-linux-gnu/sys/time.h
      5  =  /usr/include/powerpc64le-linux-gnu/bits/pthreadtypes.h
      6  =  /usr/include/powerpc64le-linux-gnu/bits/waitflags.h
      7  =  /usr/include/powerpc64le-linux-gnu/sys/types.h
      8  =  /usr/include/powerpc64le-linux-gnu/bits/mathinline.h
      9  =  /usr/include/powerpc64le-linux-gnu/bits/stdlib-bsearch.h
     10  =  /usr/include/powerpc64le-linux-gnu/sys/cdefs.h
     11  =  /usr/include/powerpc64le-linux-gnu/bits/inf.h
     12  =  /usr/include/powerpc64le-linux-gnu/bits/types.h
     13  =  /usr/include/powerpc64le-linux-gnu/bits/byteswap.h
     14  =  /usr/include/endian.h
     15  =  /usr/include/wchar.h
     16  =  /usr/include/powerpc64le-linux-gnu/bits/waitstatus.h
     17  =  /usr/include/powerpc64le-linux-gnu/bits/sigset.h
     18  =  /usr/include/powerpc64le-linux-gnu/bits/byteswap-16.h
     19  =  /usr/include/powerpc64le-linux-gnu/bits/sys_errlist.h
     20  =  /usr/include/powerpc64le-linux-gnu/sys/sysmacros.h
     21  =  /usr/include/libio.h
     22  =  /usr/include/powerpc64le-linux-gnu/bits/stdlib-float.h
     23  =  /usr/include/powerpc64le-linux-gnu/bits/time.h
     24  =  /usr/include/powerpc64le-linux-gnu/gnu/stubs-64-v2.h
     25  =  /usr/include/powerpc64le-linux-gnu/bits/huge_val.h
     26  =  /opt/ibm/xlsmp/4.1.3/include/omp.h
     27  =  /opt/ibm/xlC/13.1.3/include/stdarg.h
     28  =  /usr/include/stdint.h
     29  =  /usr/include/powerpc64le-linux-gnu/bits/stdio.h
     30  =  /usr/include/math.h
     31  =  /opt/ibm/xlC/13.1.3/include/stdint.h
     32  =  /usr/include/powerpc64le-linux-gnu/bits/typesizes.h
     33  =  /usr/include/powerpc64le-linux-gnu/bits/stdio_lim.h
     34  =  /usr/include/stdio.h
     35  =  /usr/include/_G_config.h
     36  =  /usr/include/powerpc64le-linux-gnu/bits/mathdef.h
     37  =  /usr/include/stdc-predef.h
     38  =  /usr/include/powerpc64le-linux-gnu/bits/huge_vall.h
     39  =  /usr/include/powerpc64le-linux-gnu/bits/mathcalls.h
     40  =  /opt/ibm/xlC/13.1.3/include/altivec.h
     41  =  /usr/include/alloca.h
     42  =  /usr/include/powerpc64le-linux-gnu/bits/huge_valf.h
     43  =  /usr/include/powerpc64le-linux-gnu/gnu/stubs.h
     44  =  /usr/include/features.h
     45  =  /usr/include/time.h
     46  =  /usr/include/powerpc64le-linux-gnu/sys/select.h
     47  =  /usr/include/powerpc64le-linux-gnu/bits/wchar.h
     48  =  /opt/ibm/xlC/13.1.3/include/stddef.h
     49  =  /usr/include/powerpc64le-linux-gnu/bits/wordsize.h
     50  =  /usr/include/powerpc64le-linux-gnu/bits/endian.h
     51  =  /usr/include/powerpc64le-linux-gnu/bits/select.h
     52  =  /usr/include/powerpc64le-linux-gnu/bits/nan.h


>>>>> COMPILATION EPILOGUE SECTION <<<<<

 IBM C and C++ Compilers Language Summary of Diagnosed Conditions

TOTAL   UNRECOVERABLE  SEVERE       ERROR     WARNING    INFORMATIONAL
               (U)       (S)         (E)        (W)          (I)
    1           0         0           0          1            0
Compilation succeeded for file test_cpu.c.

>>>>> OBJECT SECTION, OPTIMIZATION <<<<<
 GPR's set/used:   s-us ssss ssss s---  ---- ---- ---- ---s
 FPR's set/used:   ssss ssss ssss ss--  ---- ---- ---- --ss
 CCR's set/used:   s--- ----
  VR's set/used:   s--- ---- ---- ----  ---- ---- ---- ----
     | 000000                             PDEF     init
   25|                                    PROC      src,dst,gr3,gr4
   25| 000000 addis      3C4C0000   1     TOCBASE   gr2=gr12
   25| 000004 addi       38420000   1
    0| 000008 std        FBE1FFE8   1     ST8       #stack(gr1,-24)=gr31
   29| 00000C addi       38A00000   1     LI        gr5=0
    0| 000010 addi       3804FFF8   1     AI        gr0=gr4,-8
    0| 000014 addis      3CC00064   1     LIU       gr6=100
    0| 000018 xxlxor     F00004D6   1     VXOR      vs0=vs32,vs32
    0| 00001C addis      3C820000   1     LAU       gr4=.+CONSTANT_AREA(gr2,0)
    0| 000020 ld         E8840000   1     L8        gr4=.+CONSTANT_AREA(gr4,0)
    0| 000024 vspltisw   1001038C   1     VSPLTISW  vs32=1
    0| 000028 addi       39800140   1     LI        gr12=320
    0| 00002C stfd       DBC1FFF0   1     STFL      #stack(gr1,-16)=vs30
    0| 000030 addi       3943FFF8   1     AI        gr10=gr3,-8
    0| 000034 stfd       DBE1FFF8   1     STFL      #stack(gr1,-8)=vs31
    0| 000038 addi       39600000   1     LI        gr11=0
    0| 00003C addi       3BE67820   1     AI        gr31=gr6,30752
    0| 000040 xxlor      F0200490   1     LRVS      vs1=vs0
    0| 000044 lfd        C8840010   1     LFL       vs4=+CONSTANT_AREA(gr4,16)
    0| 000048 lfd        C8A40018   1     LFL       vs5=+CONSTANT_AREA(gr4,24)
    0| 00004C lfd        C8440000   1     LFL       vs2=+CONSTANT_AREA(gr4,0)
    0| 000050 xvcvsxwdp  F0C003E2   1     VCDFSX    vs6=vs32,fcr
    0| 000054 lfd        C8640008   1     LFL       vs3=+CONSTANT_AREA(gr4,8)
   29|                                CL.1:
   30| 000058 or         7D635B78   1     LR        gr3=gr11
    0| 00005C or         7D445378   1     LR        gr4=gr10
    0| 000060 or         7C060378   1     LR        gr6=gr0
    0| 000064 xxlor      F0E00490   1     LRVS      vs7=vs0
   30|                                CL.4:
   33| 000068 xsmuldp    F1201180   1     MFL       vs9=vs0,vs2,fcr
    0| 00006C xsadddp    F1003100   1     AFL       vs8=vs0,vs6,fcr
    0| 000070 mtspr      7D8903A6   1     LCTR      ctr=gr12
   33| 000074 xsmuldp    F1881180   1     MFL       vs12=vs8,vs2,fcr
   34| 000078 or         7CC73378   1     LR        gr7=gr6
   33| 00007C xsmaddadp  F1211908   1     FMA       vs9=vs9,vs1,vs3,fcr
    0| 000080 xsadddp    F1083100   1     AFL       vs8=vs8,vs6,fcr
   33| 000084 addi       39040030   1     AI        gr8=gr4,48
   33| 000088 xsmuldp    F1681180   1     MFL       vs11=vs8,vs2,fcr
    0| 00008C xsadddp    F1083100   1     AFL       vs8=vs8,vs6,fcr
   33| 000090 xsmaddadp  F1811908   1     FMA       vs12=vs12,vs1,vs3,fcr
   33| 000094 xsmaddadp  F1272108   1     FMA       vs9=vs9,vs7,vs4,fcr
   33| 000098 xsmaddadp  F1611908   1     FMA       vs11=vs11,vs1,vs3,fcr
   33| 00009C xsmaddadp  F1872108   1     FMA       vs12=vs12,vs7,vs4,fcr
    0| 0000A0 xsadddp    F1483100   1     AFL       vs10=vs8,vs6,fcr
   33| 0000A4 xsmuldp    F1081180   1     MFL       vs8=vs8,vs2,fcr
   33| 0000A8 xsmaddadp  F1672108   1     FMA       vs11=vs11,vs7,vs4,fcr
   33| 0000AC xsmaddadp  F1011908   1     FMA       vs8=vs8,vs1,vs3,fcr
   33| 0000B0 xsadddp    F1A92900   1     AFL       vs13=vs9,vs5,fcr
   33| 0000B4 xsmuldp    F12A1180   1     MFL       vs9=vs10,vs2,fcr
   33| 0000B8 xsmaddadp  F1211908   1     FMA       vs9=vs9,vs1,vs3,fcr
   33| 0000BC xsadddp    F18C2900   1     AFL       vs12=vs12,vs5,fcr
    0| 0000C0 xsadddp    F14A3100   1     AFL       vs10=vs10,vs6,fcr
   33| 0000C4 stfd       D9A40008   1     STFL      (double).rns0.(gr4,8)=vs13
   34| 0000C8 stfd       D8060008   1     STFL      (double).rns0.(gr6,8)=vs0
   33| 0000CC xsadddp    F1AB2900   1     AFL       vs13=vs11,vs5,fcr
    0| 0000D0 xsadddp    F00A3101   1     AFL       vs32=vs10,vs6,fcr
   33| 0000D4 xsmuldp    F14A1180   1     MFL       vs10=vs10,vs2,fcr
   33| 0000D8 stfd       D9840010   1     STFL      (double).rns0.(gr4,16)=vs12
   34| 0000DC stfdu      DC070010   1     STFDU     gr7,(double).rns0.(gr7,16)=vs0
    0| 0000E0 bc         42400090   0     BCF       ctr=CL.459,taken=0%(0,100)
    0| 0000E4 ori        60000000   2
    0| 0000E8 ori        60000000   1
    0| 0000EC ori        60000000   1
    0|                                CL.460:
   33| 0000F0 xsmuldp    F1601184   1     MFL       vs11=vs32,vs2,fcr
    0| 0000F4 xsadddp    F1803104   1     AFL       vs12=vs32,vs6,fcr
   33| 0000F8 xsmaddadp  F1072108   1     FMA       vs8=vs8,vs7,vs4,fcr
   33| 0000FC xsmaddadp  F1411908   1     FMA       vs10=vs10,vs1,vs3,fcr
   33| 000100 xsmaddadp  F1272108   1     FMA       vs9=vs9,vs7,vs4,fcr
   33| 000104 stfd       D9A8FFE8   1     STFL      (double).rns0.(gr8,-24)=vs13
   34| 000108 stfd       D8070008   1     STFL      (double).rns0.(gr7,8)=vs0
   33| 00010C xsmaddadp  F1611908   1     FMA       vs11=vs11,vs1,vs3,fcr
    0| 000110 xsadddp    F1AC3100   1     AFL       vs13=vs12,vs6,fcr
   33| 000114 xsadddp    F3E82900   1     AFL       vs31=vs8,vs5,fcr
   33| 000118 xsmaddadp  F1472108   1     FMA       vs10=vs10,vs7,vs4,fcr
   33| 00011C xsadddp    F3C92900   1     AFL       vs30=vs9,vs5,fcr
   34| 000120 addi       38E70020   1     AI        gr7=gr7,32
    0| 000124 xsadddp    F00D3101   1     AFL       vs32=vs13,vs6,fcr
   33| 000128 xsmuldp    F10C1180   1     MFL       vs8=vs12,vs2,fcr
    0| 00012C ori        60000000   1     NOP       
   33| 000130 xsmuldp    F12D1180   1     MFL       vs9=vs13,vs2,fcr
   33| 000134 xsmaddadp  F1672108   1     FMA       vs11=vs11,vs7,vs4,fcr
   33| 000138 stfd       DBE8FFF0   1     STFL      (double).rns0.(gr8,-16)=vs31
   33| 00013C xsadddp    F18A2900   1     AFL       vs12=vs10,vs5,fcr
   34| 000140 stfd       D807FFF0   1     STFL      (double).rns0.(gr7,-16)=vs0
   33| 000144 stfd       DBC8FFF8   1     STFL      (double).rns0.(gr8,-8)=vs30
   34| 000148 stfd       D807FFF8   1     STFL      (double).rns0.(gr7,-8)=vs0
   33| 00014C xsmuldp    F1401184   1     MFL       vs10=vs32,vs2,fcr
    0| 000150 xsadddp    F0003105   1     AFL       vs32=vs32,vs6,fcr
   33| 000154 xsmaddadp  F1011908   1     FMA       vs8=vs8,vs1,vs3,fcr
   33| 000158 xsmaddadp  F1211908   1     FMA       vs9=vs9,vs1,vs3,fcr
   33| 00015C stfd       D9880000   1     STFL      (double).rns0.(gr8,0)=vs12
   33| 000160 xsadddp    F1AB2900   1     AFL       vs13=vs11,vs5,fcr
   33| 000164 addi       39080020   1     AI        gr8=gr8,32
   34| 000168 stfd       D8070000   1     STFL      (double).rns0.(gr7,0)=vs0
    0| 00016C bc         4200FF84   0     BCT       ctr=CL.460,taken=100%(100,0)
    0|                                CL.459:
   30| 000170 addi       38630001   1     AI        gr3=gr3,1
   33| 000174 xsmaddadp  F1072108   1     FMA       vs8=vs8,vs7,vs4,fcr
   33| 000178 xsmaddadp  F1411908   1     FMA       vs10=vs10,vs1,vs3,fcr
    0| 00017C addi       38842810   1     AI        gr4=gr4,10256
   33| 000180 xsmaddadp  F1472108   1     FMA       vs10=vs10,vs7,vs4,fcr
   33| 000184 xsadddp    F1082900   1     AFL       vs8=vs8,vs5,fcr
   33| 000188 xsmaddadp  F1272108   1     FMA       vs9=vs9,vs7,vs4,fcr
   30| 00018C cmpldi     28230282   1     CL8       cr0=gr3,642
    0| 000190 addi       38C62810   1     AI        gr6=gr6,10256
   33| 000194 stfd       D9A8FFE8   1     STFL      (double).rns0.(gr8,-24)=vs13
   33| 000198 xsadddp    F14A2900   1     AFL       vs10=vs10,vs5,fcr
   34| 00019C stfd       D8070008   1     STFL      (double).rns0.(gr7,8)=vs0
    0| 0001A0 xsadddp    F0E73100   1     AFL       vs7=vs7,vs6,fcr
   33| 0001A4 xsadddp    F1292900   1     AFL       vs9=vs9,vs5,fcr
   33| 0001A8 stfd       D908FFF0   1     STFL      (double).rns0.(gr8,-16)=vs8
   34| 0001AC stfd       D8070010   1     STFL      (double).rns0.(gr7,16)=vs0
   33| 0001B0 stfd       D928FFF8   1     STFL      (double).rns0.(gr8,-8)=vs9
   34| 0001B4 stfd       D8070018   1     STFL      (double).rns0.(gr7,24)=vs0
   33| 0001B8 stfd       D9480000   1     STFL      (double).rns0.(gr8,0)=vs10
   34| 0001BC stfd       D8070020   1     STFL      (double).rns0.(gr7,32)=vs0
   30| 0001C0 bc         4180FEA8   0     BT        CL.4,cr0,0x8/llt,taken=80%(80,20)
   29| 0001C4 addi       38A50001   2     AI        gr5=gr5,1
    0| 0001C8 xsadddp    F0213100   1     AFL       vs1=vs1,vs6,fcr
    0| 0001CC add        7C00FA14   1     A         gr0=gr0,gr31
    0| 0001D0 add        7D4AFA14   1     A         gr10=gr10,gr31
   29| 0001D4 cmpldi     282501E2   1     CL8       cr0=gr5,482
   29| 0001D8 bc         4180FE80   1     BT        CL.1,cr0,0x8/llt,taken=80%(80,20)
    0| 0001DC lfd        CBE1FFF8   2     LFL       vs31=#stack(gr1,-8)
    0| 0001E0 lfd        CBC1FFF0   1     LFL       vs30=#stack(gr1,-16)
    0| 0001E4 ld         EBE1FFE8   1     L8        gr31=#stack(gr1,-24)
   36| 0001E8 bclr       4E800020   0     BA        lr
     |               Tag Table
     | 0001EC        00000000 00002200 02010000 EC010000
     |               Instruction count          123
     |               Straight-line exec time    122
 GPR's set/used:   ssss ssss ssss s---  ---- ---- ---- ----
 FPR's set/used:   ssss ssss ssss ss--  ---- ---- ---- ----
 CCR's set/used:   ss-- -sss
  VR's set/used:   ssss ssss ssss ssss  ssss ---- ---- ----
     | 000000                             PDEF     kernel_simd
   41|                                    PROC      dst,src,gr3,gr4
   41| 000200 addis      3C4C0000   1     TOCBASE   gr2=gr12
   41| 000204 addi       38420000   1
    0| 000208 mfspr      7C0802A6   1     LFLR      gr0=lr
    0| 00020C std        F8010010   2     ST8       #stack(gr1,16)=gr0
    0| 000210 stdu       F821FE81   1     ST8U      gr1,#stack(gr1,-384)=gr1
    0| 000214 std        F8610170   1     ST8       dst(gr1,368)=gr3
    0| 000218 std        F8810178   1     ST8       src(gr1,376)=gr4
    0| 00021C addis      3C820000   1     LAU       gr4=.+CONSTANT_AREA(gr2,0)
    0| 000220 ld         E8840000   1     L8        gr4=.+CONSTANT_AREA(gr4,0)
   50| 000224 lwz        80C10040   1     L4Z       gr6=$$INIT0(gr1,64)
   50| 000228 lwz        80010044   1     L4Z       gr0=$$FINAL0(gr1,68)
   50| 00022C addi       38610150   1     AI        gr3=gr1,336
   45| 000230 addi       38E000D0   1     LI        gr7=208
   45| 000234 lxvdsx     7C043A99   1     VLDS      vs32=+CONSTANT_AREA(gr4,gr7,0)
   50| 000238 std        F8A100E8   1     ST8       $$CIVFINAL2(gr1,232)=gr5
   50| 00023C std        F8A100E0   1     ST8       $$CIVBUMP2(gr1,224)=gr5
   50| 000240 std        F8A100D0   1     ST8       $$DoIVBOUND0(gr1,208)=gr5
   50| 000244 std        F8A100D8   1     ST8       $$CIVINIT2(gr1,216)=gr5
   46| 000248 addi       38E000D8   1     LI        gr7=216
   46| 00024C lxvdsx     7C243A99   1     VLDS      vs33=+CONSTANT_AREA(gr4,gr7,0)
   50| 000250 std        F8A10108   1     ST8       $$myLB0(gr1,264)=gr5
   50| 000254 std        F8A10100   1     ST8       $$myUB0(gr1,256)=gr5
   50| 000258 std        F8A100F0   1     ST8       $$CIV2(gr1,240)=gr5
   50| 00025C std        F8A100F8   1     ST8       $$_lompHandle0(gr1,248)=gr5
   45| 000260 addi       38800020   1     LI        gr4=32
   45| 000264 stvx       7C0121CE   1     VSTQ      v04(gr1,gr4,0)=vs32
   50| 000268 std        F8A10128   1     ST8       $$CIV1(gr1,296)=gr5
   50| 00026C std        F8A10120   1     ST8       $$CIVFINAL1(gr1,288)=gr5
   50| 000270 std        F8A10110   1     ST8       $$CIVINIT1(gr1,272)=gr5
   50| 000274 std        F8A10118   1     ST8       $$CIVBUMP1(gr1,280)=gr5
   46| 000278 addi       38800030   1     LI        gr4=48
   46| 00027C stvx       7C2121CE   1     VSTQ      v03(gr1,gr4,0)=vs33
   50| 000280 std        F8A10148   1     ST8       $$CIV0(gr1,328)=gr5
   50| 000284 std        F8A10140   1     ST8       $$CIVFINAL0(gr1,320)=gr5
   50| 000288 std        F8A10130   1     ST8       $$CIVINIT0(gr1,304)=gr5
   50| 00028C std        F8A10138   1     ST8       $$CIVBUMP0(gr1,312)=gr5
   50| 000290 stw        90C100C8   1     ST4Z      $$INIT0(gr1,200)=gr6
    0| 000294 addis      3CA20000   1     LAU       gr5=.kernel_simd$$OL$$1(gr2,0)
    0| 000298 ld         E8A50000   1     L8        gr5=.kernel_simd$$OL$$1(gr5,0)
   50| 00029C stw        900100CC   1     ST4Z      $$FINAL0(gr1,204)=gr0
   50| 0002A0 addi       38800020   1     LI        gr4=32
   50| 0002A4 or         7C260B78   1     LR        gr6=gr1
   50| 0002A8 bl         48000001   0     CALL      __trampoline_setup,4,gr3,#wtemp_1",gr4-gr6,__trampoline_setup,fcr,__trampoline_setup",gr1,cr[01567]",gr0",gr2",gr3"-gr12",vs0"-vs13",mq",lr",xer",fsr",ca",ctr",nj",vs0"-vs13",vs32"-vs51"
   50| 0002AC ori        60000000   1
   50| 0002B0 addi       38610150   1     AI        gr3=gr1,336
   50| 0002B4 bl         48000001   0     CALL      _lomp_Parallel_StartDefault,1,gr3,$$SHADW.SMPUseDef$$230,$$SHADW.SMPUseDef$$231",_lomp_Parallel_StartDefault",fcr,gr1,cr[01567]",gr0",gr2",gr3"-gr12",vs0"-vs13",mq",lr",xer",fsr",ca",ctr",nj",vs0"-vs13",vs32"-vs51"
   50| 0002B8 ori        60000000   1
    0| 0002BC ld         E8010190   1     L8        gr0=#stack(gr1,400)
  140| 0002C0 addi       38210180   1     AI        gr1=gr1,384
    0| 0002C4 mtspr      7C0803A6   1     LLR       lr=gr0
  140| 0002C8 bclr       4E800020   3     BA        lr
     |               Tag Table
     | 0002CC        00000000 00002001 80000001 CC000000
     |               Instruction count           51
     |               Straight-line exec time     52
 GPR's set/used:   ssss ssss ssss s--s  ssss ssss ssss ssss
 FPR's set/used:   ssss ssss ssss ss--  ---- ---- ---- ----
 CCR's set/used:   ss-- ssss
  VR's set/used:   ssss ssss ssss ssss  ssss ---- ---- ----
     | 000000                             PDEF     check
  142|                                    PROC      dst,gr3
  142| 0002E0 addis      3C4C0000   1     TOCBASE   gr2=gr12
  142| 0002E4 addi       38420000   1
    0| 0002E8 mfspr      7C0802A6   1     LFLR      gr0=lr
    0| 0002EC std        F8010010   2     ST8       #stack(gr1,16)=gr0
    0| 0002F0 std        FBE1FFF8   1     ST8       #stack(gr1,-8)=gr31
    0| 0002F4 std        FBC1FFF0   1     ST8       #stack(gr1,-16)=gr30
    0| 0002F8 std        FBA1FFE8   1     ST8       #stack(gr1,-24)=gr29
    0| 0002FC std        FB81FFE0   1     ST8       #stack(gr1,-32)=gr28
    0| 000300 mfcr       7D908026   1     LFCR      gr12=cr4,4
    0| 000304 std        FB61FFD8   1     ST8       #stack(gr1,-40)=gr27
    0| 000308 std        FB41FFD0   1     ST8       #stack(gr1,-48)=gr26
    0| 00030C std        FB21FFC8   1     ST8       #stack(gr1,-56)=gr25
    0| 000310 std        FB01FFC0   1     ST8       #stack(gr1,-64)=gr24
    0| 000314 std        FAE1FFB8   1     ST8       #stack(gr1,-72)=gr23
    0| 000318 std        FAC1FFB0   1     ST8       #stack(gr1,-80)=gr22
    0| 00031C std        FAA1FFA8   1     ST8       #stack(gr1,-88)=gr21
    0| 000320 std        FA81FFA0   1     ST8       #stack(gr1,-96)=gr20
    0| 000324 std        FA61FF98   1     ST8       #stack(gr1,-104)=gr19
    0| 000328 std        FA41FF90   1     ST8       #stack(gr1,-112)=gr18
    0| 00032C std        FA21FF88   1     ST8       #stack(gr1,-120)=gr17
    0| 000330 std        FA01FF80   1     ST8       #stack(gr1,-128)=gr16
    0| 000334 std        F9E1FF78   1     ST8       #stack(gr1,-136)=gr15
    0| 000338 stw        91810008   1     ST4A      #stack(gr1,8)=gr12
    0| 00033C stdu       F821FF11   1     ST8U      gr1,#stack(gr1,-240)=gr1
    0| 000340 addis      3FE20000   1     LAU       gr31=.+CONSTANT_AREA(gr2,0)
    0| 000344 ld         EBFF0000   1     L8        gr31=.+CONSTANT_AREA(gr31,0)
    0| 000348 or         7C791B78   1     LR        gr25=gr3
  144| 00034C addi       387F0020   1     AI        gr3=gr31,32
  144| 000350 bl         48000001   0     CALL      gr3=printf,1,gr3,#ProcAlias",printf",fcr,gr1,cr[01567]",gr0",gr2",gr4"-gr12",vs0"-vs13",mq",lr",xer",fsr",ca",ctr",nj",vs0"-vs13",vs32"-vs51"
  144| 000354 ori        60000000   1
  146| 000358 creqv      4E108242   0     CR_EQV    cr4=cr[44],0x1/lt,0x1/lt,0x1/lt,cr4
  148| 00035C addi       3BC00000   2     LI        gr30=0
    0| 000360 addis      3C620000   1     LAU       gr3=.src(gr2,0)
    0| 000364 ld         E8630000   1     L8        gr3=.src(gr3,0)
    0| 000368 addis      3C8000C9   1     LIU       gr4=201
    0| 00036C addis      3CA00064   1     LIU       gr5=100
    0| 000370 addi       3B657820   1     AI        gr27=gr5,30752
    0| 000374 addi       38041850   1     AI        gr0=gr4,6224
    0| 000378 addi       3B832810   1     AI        gr28=gr3,10256
    0| 00037C ori        60A4A038   1     OIL       gr4=gr5,0xA038
    0| 000380 add        7F432214   1     A         gr26=gr3,gr4
    0| 000384 add        7FA01A14   1     A         gr29=gr0,gr3
    0| 000388 ori        60A0A030   1     OIL       gr0=gr5,0xA030
    0| 00038C add        7F390214   1     A         gr25=gr25,gr0
  148|                                CL.76:
  149| 000390 addi       3B000000   1     LI        gr24=0
  155| 000394 addi       3BDE0001   1     AI        gr30=gr30,1
    0| 000398 or         7F37CB78   1     LR        gr23=gr25
    0| 00039C or         7F56D378   1     LR        gr22=gr26
    0| 0003A0 or         7F95E378   1     LR        gr21=gr28
    0| 0003A4 or         7FB4EB78   1     LR        gr20=gr29
  149|                                CL.79:
  155| 0003A8 lfd        C81F0060   1     LFL       vs0=+CONSTANT_AREA(gr31,96)
  155| 0003AC lfd        C916D7F0   1     LFL       vs8=src(gr22,-10256)
  155| 0003B0 lfd        C8740008   1     LFL       vs3=src(gr20,8)
  155| 0003B4 lfd        C8950008   1     LFL       vs4=src(gr21,8)
  155| 0003B8 lfd        C8B60008   1     LFL       vs5=src(gr22,8)
  155| 0003BC lfd        C8D62810   1     LFL       vs6=src(gr22,10256)
  155| 0003C0 xsadddp    F0C83100   1     AFL       vs6=vs8,vs6,fcr
  155| 0003C4 lfd        C8370008   1     LFL       vs1=(double).rns0.(gr23,8)
  155| 0003C8 lfd        C9160000   1     LFL       vs8=src(gr22,0)
  155| 0003CC lfd        C8F6FFF8   1     LFL       vs7=src(gr22,-8)
  155| 0003D0 xsadddp    F0641900   1     AFL       vs3=vs4,vs3,fcr
  155| 0003D4 lfd        C85F0070   1     LFL       vs2=+CONSTANT_AREA(gr31,112)
  155| 0003D8 xsadddp    F0A72900   1     AFL       vs5=vs7,vs5,fcr
  155| 0003DC lfd        C8FF0068   1     LFL       vs7=+CONSTANT_AREA(gr31,104)
  154| 0003E0 addi       39E00000   1     LI        gr15=0
  155| 0003E4 xsnmsubmdp F1000DC8   1     FNMS      vs8=vs1,vs8,vs0,fcr
  155| 0003E8 addi       3B180001   1     AI        gr24=gr24,1
  155| 0003EC xsadddp    F0033100   1     AFL       vs0=vs3,vs6,fcr
  155| 0003F0 addi       3A550008   1     AI        gr18=gr21,8
  155| 0003F4 addi       3A340008   1     AI        gr17=gr20,8
  155| 0003F8 addi       3A170008   1     AI        gr16=gr23,8
  155| 0003FC addi       3A760008   1     AI        gr19=gr22,8
  155| 000400 xsadddp    F0002900   1     AFL       vs0=vs0,vs5,fcr
  155| 000404 xsnmsubadp F1003D88   1     FNMS      vs8=vs8,vs0,vs7,fcr
  155| 000408 xscvdpsxws F0004160   1     FCTIWZ    vs0=vs8
  155| 00040C mfvsrd     7C000066   1     XFRF2G    gr0=vs0
  155| 000410 srawi      7C03FE70   1     SRA4      gr3=gr0,31,ca"
  155| 000414 xor        7C001A78   1     X         gr0=gr0,gr3
  155| 000418 subf       7C030050   1     S         gr0=gr0,gr3
    0| 00041C extsw      7C0007B4   1     EXTS4     gr0=gr0
  155| 000420 mtvsrd     7C000166   1     XFRG2F    vs0=gr0
  155| 000424 xscvsxddp  F00005E0   1     FCFID     vs0=vs0,fcr
  155| 000428 xscmpudp   F0020118   1     CFL       cr0=vs2,vs0
  155| 00042C cror       4E200382   0     CR_O      cr4=cr[00],0x2/gt,0x20/flt,0x20/flt,cr4
  156| 000430 crandc     4E308902   1     CR_NNOT   cr4=cr[44],0x2/gt,0x1/lt,0x2/gt,cr4
  156| 000434 cror       4E118B82   1     CR_O      cr4=cr[44],0x1/lt,0x2/gt,0x2/gt,cr4
  155| 000438 bc         4180009C   1     BT        CL.308,cr0,0x20/flt,taken=30%(30,70)
    0|                                CL.621:
  154| 00043C addi       39EF0001   1     AI        gr15=gr15,1
  154| 000440 cmpldi     282F0500   1     CL8       cr0=gr15,1280
  154| 000444 bc         4080013C   1     BF        CL.306,cr0,0x8/llt,taken=20%(20,80)
  155| 000448 lfd        C8710008   2     LFL       vs3=src(gr17,8)
  155| 00044C lfd        C8920008   1     LFL       vs4=src(gr18,8)
  155| 000450 lfd        C913D7F0   1     LFL       vs8=src(gr19,-10256)
  155| 000454 lfd        C8B30008   1     LFL       vs5=src(gr19,8)
  155| 000458 lfd        C8D32810   1     LFL       vs6=src(gr19,10256)
  155| 00045C lfd        C8F3FFF8   1     LFL       vs7=src(gr19,-8)
  155| 000460 xsadddp    F0C83100   1     AFL       vs6=vs8,vs6,fcr
  155| 000464 lfd        C8300008   1     LFL       vs1=(double).rns0.(gr16,8)
  155| 000468 xsadddp    F0641900   1     AFL       vs3=vs4,vs3,fcr
  155| 00046C lfd        C9130000   1     LFL       vs8=src(gr19,0)
  155| 000470 xsadddp    F0A72900   1     AFL       vs5=vs7,vs5,fcr
  155| 000474 lfd        C81F0060   1     LFL       vs0=+CONSTANT_AREA(gr31,96)
  155| 000478 xsnmsubmdp F1000DC8   1     FNMS      vs8=vs1,vs8,vs0,fcr
  155| 00047C addi       3A520008   1     AI        gr18=gr18,8
  155| 000480 lfd        C8FF0068   1     LFL       vs7=+CONSTANT_AREA(gr31,104)
  155| 000484 lfd        C85F0070   1     LFL       vs2=+CONSTANT_AREA(gr31,112)
  155| 000488 xsadddp    F0033100   1     AFL       vs0=vs3,vs6,fcr
  155| 00048C addi       3A310008   1     AI        gr17=gr17,8
  155| 000490 addi       3A100008   1     AI        gr16=gr16,8
  155| 000494 addi       3A730008   1     AI        gr19=gr19,8
  155| 000498 xsadddp    F0002900   1     AFL       vs0=vs0,vs5,fcr
  155| 00049C xsnmsubadp F1003D88   1     FNMS      vs8=vs8,vs0,vs7,fcr
  155| 0004A0 xscvdpsxws F0004160   1     FCTIWZ    vs0=vs8
  155| 0004A4 mfvsrd     7C000066   1     XFRF2G    gr0=vs0
  155| 0004A8 srawi      7C03FE70   1     SRA4      gr3=gr0,31,ca"
  155| 0004AC xor        7C001A78   1     X         gr0=gr0,gr3
  155| 0004B0 subf       7C030050   1     S         gr0=gr0,gr3
    0| 0004B4 extsw      7C0007B4   1     EXTS4     gr0=gr0
  155| 0004B8 mtvsrd     7C000166   1     XFRG2F    vs0=gr0
  155| 0004BC xscvsxddp  F00005E0   1     FCFID     vs0=vs0,fcr
  155| 0004C0 xscmpudp   F0020118   1     CFL       cr0=vs2,vs0
  155| 0004C4 cror       4E200382   0     CR_O      cr4=cr[00],0x2/gt,0x20/flt,0x20/flt,cr4
  156| 0004C8 crandc     4E308902   1     CR_NNOT   cr4=cr[44],0x2/gt,0x1/lt,0x2/gt,cr4
  156| 0004CC cror       4E118B82   1     CR_O      cr4=cr[44],0x1/lt,0x2/gt,0x2/gt,cr4
    0| 0004D0 bc         4080FF6C   1     BF        CL.621,cr0,0x20/flt,taken=70%(70,30)
    0|                                CL.308:
  157| 0004D4 mfvsrd     7C240066   1     XFRF2G    gr4=vs1
  157| 0004D8 addi       387F0078   1     AI        gr3=gr31,120
  157| 0004DC bl         48000001   0     CALL      gr3=printf,2,gr3,vs1,gr4,#ProcAlias",printf",fcr,gr1,cr[01567]",gr0",gr2",gr4"-gr12",vs0"-vs13",mq",lr",xer",fsr",ca",ctr",nj",vs0"-vs13",vs32"-vs51"
  157| 0004E0 ori        60000000   1
  154| 0004E4 addi       39EF0001   1     AI        gr15=gr15,1
  154| 0004E8 cmpldi     282F0500   1     CL8       cr0=gr15,1280
  154| 0004EC bc         40800094   1     BF        CL.306,cr0,0x8/llt,taken=20%(20,80)
  155| 0004F0 lfd        C8710008   2     LFL       vs3=src(gr17,8)
  155| 0004F4 lfd        C8920008   1     LFL       vs4=src(gr18,8)
  155| 0004F8 lfd        C913D7F0   1     LFL       vs8=src(gr19,-10256)
  155| 0004FC lfd        C8B30008   1     LFL       vs5=src(gr19,8)
  155| 000500 lfd        C8D32810   1     LFL       vs6=src(gr19,10256)
  155| 000504 lfd        C8F3FFF8   1     LFL       vs7=src(gr19,-8)
  155| 000508 xsadddp    F0C83100   1     AFL       vs6=vs8,vs6,fcr
  155| 00050C lfd        C8300008   1     LFL       vs1=(double).rns0.(gr16,8)
  155| 000510 xsadddp    F0641900   1     AFL       vs3=vs4,vs3,fcr
  155| 000514 lfd        C9130000   1     LFL       vs8=src(gr19,0)
  155| 000518 xsadddp    F0A72900   1     AFL       vs5=vs7,vs5,fcr
  155| 00051C lfd        C81F0060   1     LFL       vs0=+CONSTANT_AREA(gr31,96)
  155| 000520 xsnmsubmdp F1000DC8   1     FNMS      vs8=vs1,vs8,vs0,fcr
  155| 000524 addi       3A520008   1     AI        gr18=gr18,8
  155| 000528 lfd        C8FF0068   1     LFL       vs7=+CONSTANT_AREA(gr31,104)
  155| 00052C lfd        C85F0070   1     LFL       vs2=+CONSTANT_AREA(gr31,112)
  155| 000530 xsadddp    F0033100   1     AFL       vs0=vs3,vs6,fcr
  155| 000534 addi       3A310008   1     AI        gr17=gr17,8
  155| 000538 addi       3A100008   1     AI        gr16=gr16,8
  155| 00053C addi       3A730008   1     AI        gr19=gr19,8
  155| 000540 xsadddp    F0002900   1     AFL       vs0=vs0,vs5,fcr
  155| 000544 xsnmsubadp F1003D88   1     FNMS      vs8=vs8,vs0,vs7,fcr
  155| 000548 xscvdpsxws F0004160   1     FCTIWZ    vs0=vs8
  155| 00054C mfvsrd     7C000066   1     XFRF2G    gr0=vs0
  155| 000550 srawi      7C03FE70   1     SRA4      gr3=gr0,31,ca"
  155| 000554 xor        7C001A78   1     X         gr0=gr0,gr3
  155| 000558 subf       7C030050   1     S         gr0=gr0,gr3
    0| 00055C extsw      7C0007B4   1     EXTS4     gr0=gr0
  155| 000560 mtvsrd     7C000166   1     XFRG2F    vs0=gr0
  155| 000564 xscvsxddp  F00005E0   1     FCFID     vs0=vs0,fcr
  155| 000568 xscmpudp   F0020118   1     CFL       cr0=vs2,vs0
  155| 00056C cror       4E200382   0     CR_O      cr4=cr[00],0x2/gt,0x20/flt,0x20/flt,cr4
  156| 000570 crandc     4E308902   1     CR_NNOT   cr4=cr[44],0x2/gt,0x1/lt,0x2/gt,cr4
  156| 000574 cror       4E118B82   1     CR_O      cr4=cr[44],0x1/lt,0x2/gt,0x2/gt,cr4
    0| 000578 bc         4180FF5C   1     BT        CL.308,cr0,0x20/flt,taken=30%(30,70)
    0| 00057C b          4BFFFEC0   2     B         CL.621,-1
    0|                                CL.306:
  149| 000580 cmpldi     28380280   1     CL8       cr0=gr24,640
    0| 000584 addi       3AF72810   1     AI        gr23=gr23,10256
    0| 000588 addi       3AD62810   1     AI        gr22=gr22,10256
    0| 00058C addi       3AB52810   1     AI        gr21=gr21,10256
    0| 000590 addi       3A942810   1     AI        gr20=gr20,10256
  149| 000594 bc         4180FE14   0     BT        CL.79,cr0,0x8/llt,taken=80%(80,20)
    0| 000598 add        7FBDDA14   2     A         gr29=gr29,gr27
    0| 00059C add        7F5ADA14   1     A         gr26=gr26,gr27
    0| 0005A0 add        7F9CDA14   1     A         gr28=gr28,gr27
  148| 0005A4 cmpldi     283E01E0   1     CL8       cr0=gr30,480
    0| 0005A8 add        7F39DA14   1     A         gr25=gr25,gr27
    0| 0005AC ld         EB0100B0   1     L8        gr24=#stack(gr1,176)
    0| 0005B0 ld         EA810090   1     L8        gr20=#stack(gr1,144)
    0| 0005B4 ld         EAE100A8   1     L8        gr23=#stack(gr1,168)
    0| 0005B8 ld         EA610088   1     L8        gr19=#stack(gr1,136)
    0| 0005BC ld         EAC100A0   1     L8        gr22=#stack(gr1,160)
    0| 0005C0 ld         EA410080   1     L8        gr18=#stack(gr1,128)
    0| 0005C4 ld         EAA10098   1     L8        gr21=#stack(gr1,152)
    0| 0005C8 ld         EA210078   1     L8        gr17=#stack(gr1,120)
    0| 0005CC ld         EA010070   1     L8        gr16=#stack(gr1,112)
    0| 0005D0 ld         E9E10068   1     L8        gr15=#stack(gr1,104)
  148| 0005D4 bc         4180FDBC   0     BT        CL.76,cr0,0x8/llt,taken=80%(80,20)
    0| 0005D8 ld         EB6100C8   2     L8        gr27=#stack(gr1,200)
    0| 0005DC ld         EBC100E0   1     L8        gr30=#stack(gr1,224)
    0| 0005E0 ld         EB4100C0   1     L8        gr26=#stack(gr1,192)
    0| 0005E4 ld         EBA100D8   1     L8        gr29=#stack(gr1,216)
    0| 0005E8 ld         EB2100B8   1     L8        gr25=#stack(gr1,184)
    0| 0005EC ld         EB8100D0   1     L8        gr28=#stack(gr1,208)
  162| 0005F0 bc         4190002C   0     BT        CL.309,cr4,0x1/lt,taken=50%(0,0)
  165| 0005F4 addi       387F008C   2     AI        gr3=gr31,140
  165| 0005F8 bl         48000001   0     CALL      gr3=printf,1,gr3,#ProcAlias",printf",fcr,gr1,cr[01567]",gr0",gr2",gr4"-gr12",vs0"-vs13",mq",lr",xer",fsr",ca",ctr",nj",vs0"-vs13",vs32"-vs51"
  165| 0005FC ori        60000000   1
    0| 000600 ld         EBE100E8   1     L8        gr31=#stack(gr1,232)
    0| 000604 ld         E8010100   1     L8        gr0=#stack(gr1,256)
    0| 000608 mtspr      7C0803A6   2     LLR       lr=gr0
  166| 00060C lwa        E98100FA   1     L4A       gr12=#stack(gr1,248)
  166| 000610 addi       382100F0   1     AI        gr1=gr1,240
  166| 000614 mtcrf      7D908120   1     MTCRF     cr4=gr12
  166| 000618 bclr       4E800020   0     BA        lr
    0|                                CL.309:
  163| 00061C addi       387F0080   1     AI        gr3=gr31,128
  163| 000620 bl         48000001   0     CALL      gr3=printf,1,gr3,#ProcAlias",printf",fcr,gr1,cr[01567]",gr0",gr2",gr4"-gr12",vs0"-vs13",mq",lr",xer",fsr",ca",ctr",nj",vs0"-vs13",vs32"-vs51"
  163| 000624 ori        60000000   1
  165| 000628 addi       387F008C   1     AI        gr3=gr31,140
  165| 00062C bl         48000001   0     CALL      gr3=printf,1,gr3,#ProcAlias",printf",fcr,gr1,cr[01567]",gr0",gr2",gr4"-gr12",vs0"-vs13",mq",lr",xer",fsr",ca",ctr",nj",vs0"-vs13",vs32"-vs51"
  165| 000630 ori        60000000   1
    0| 000634 ld         EBE100E8   1     L8        gr31=#stack(gr1,232)
    0| 000638 ld         E8010100   1     L8        gr0=#stack(gr1,256)
    0| 00063C mtspr      7C0803A6   2     LLR       lr=gr0
  166| 000640 lwa        E98100FA   1     L4A       gr12=#stack(gr1,248)
  166| 000644 addi       382100F0   1     AI        gr1=gr1,240
  166| 000648 mtcrf      7D908120   1     MTCRF     cr4=gr12
  166| 00064C bclr       4E800020   0     BA        lr
     |               Tag Table
     | 000650        00000000 00002203 80110000 70030000
     |               Instruction count          220
     |               Straight-line exec time    216
 GPR's set/used:   ssss ssss ssss s---  ---- ---- ---- --ss
 FPR's set/used:   ssss ssss ssss ss--  ---- ---- ---- -sss
 CCR's set/used:   ss-- -sss
  VR's set/used:   ssss ssss ssss ssss  ssss ---- ---- --ss
     | 000000                             PDEF     main
  168|                                    PROC      
  168| 000660 addis      3C4C0000   1     TOCBASE   gr2=gr12
  168| 000664 addi       38420000   1
    0| 000668 addi       3800FFC0   1     LI        gr0=-64
    0| 00066C stvx       7FE101CE   1     VSTQ      #stack(gr1,gr0)=vs63
    0| 000670 addi       3800FFB0   1     LI        gr0=-80
    0| 000674 stvx       7FC101CE   1     VSTQ      #stack(gr1,gr0)=vs62
    0| 000678 stfd       DBE1FFF8   1     STFL      #stack(gr1,-8)=vs31
    0| 00067C stfd       DBC1FFF0   1     STFL      #stack(gr1,-16)=vs30
    0| 000680 stfd       DBA1FFE8   1     STFL      #stack(gr1,-24)=vs29
    0| 000684 mfspr      7C0802A6   1     LFLR      gr0=lr
    0| 000688 std        F8010010   2     ST8       #stack(gr1,16)=gr0
    0| 00068C std        FBE1FFE0   1     ST8       #stack(gr1,-32)=gr31
    0| 000690 std        FBC1FFD8   1     ST8       #stack(gr1,-40)=gr30
    0| 000694 stdu       F821FF31   1     ST8U      gr1,#stack(gr1,-208)=gr1
  172| 000698 xxlxor     F3E004D7   1     VXOR      vs63=vs32,vs32
    0| 00069C addis      3FC20000   1     LAU       gr30=.+CONSTANT_AREA(gr2,0)
    0| 0006A0 ld         EBDE0000   1     L8        gr30=.+CONSTANT_AREA(gr30,0)
  174| 0006A4 addi       387E00E4   2     AI        gr3=gr30,228
  171| 0006A8 lfs        C01E00E0   1     LFS       vs0=+CONSTANT_AREA(gr30,224)
  171| 0006AC xxlor      F3E00490   1     LRVS      vs31=vs0
  174| 0006B0 bl         48000001   0     CALL      gr3=printf,1,gr3,#ProcAlias",printf",fcr,gr1,cr[01567]",gr0",gr2",gr4"-gr12",vs0"-vs13",mq",lr",xer",fsr",ca",ctr",nj",vs0"-vs13",vs32"-vs51"
  174| 0006B4 ori        60000000   1
   29| 0006B8 addi       38600000   1     LI        gr3=0
    0| 0006BC addis      3C820000   1     LAU       gr4=.src(gr2,0)
    0| 0006C0 ld         E8840000   1     L8        gr4=.src(gr4,0)
    0| 0006C4 addis      3CA20000   1     LAU       gr5=.dst(gr2,0)
    0| 0006C8 ld         E8A50000   1     L8        gr5=.dst(gr5,0)
    0| 0006CC xxlor      F01FFC96   1     LRVS      vs0=vs63
    0| 0006D0 addis      3CC00064   1     LIU       gr6=100
    0| 0006D4 vspltisw   1001038C   1     VSPLTISW  vs32=1
    0| 0006D8 addi       38000140   1     LI        gr0=320
    0| 0006DC lfd        C83E0018   1     LFL       vs1=+CONSTANT_AREA(gr30,24)
    0| 0006E0 lfd        C85E0000   1     LFL       vs2=+CONSTANT_AREA(gr30,0)
    0| 0006E4 xxlor      F07FFC96   1     LRVS      vs3=vs63
    0| 0006E8 lfd        C89E0008   1     LFL       vs4=+CONSTANT_AREA(gr30,8)
    0| 0006EC lfd        C8BE0010   1     LFL       vs5=+CONSTANT_AREA(gr30,16)
    0| 0006F0 xvcvsxwdp  F0C003E2   1     VCDFSX    vs6=vs32,fcr
    0| 0006F4 addi       39467820   1     AI        gr10=gr6,30752
    0| 0006F8 addi       3985FFF8   1     AI        gr12=gr5,-8
    0| 0006FC addi       3964FFF8   1     AI        gr11=gr4,-8
   29|                                CL.129:
   30| 000700 addi       38800000   1     LI        gr4=0
    0| 000704 or         7D655B78   1     LR        gr5=gr11
    0| 000708 or         7D866378   1     LR        gr6=gr12
    0| 00070C xxlor      F0E00490   1     LRVS      vs7=vs0
   30|                                CL.131:
   33| 000710 xsmuldp    F1201180   1     MFL       vs9=vs0,vs2,fcr
    0| 000714 xsadddp    F1003100   1     AFL       vs8=vs0,vs6,fcr
    0| 000718 mtspr      7C0903A6   1     LCTR      ctr=gr0
   34| 00071C or         7CC73378   1     LR        gr7=gr6
   33| 000720 xsmaddadp  F1232108   1     FMA       vs9=vs9,vs3,vs4,fcr
   33| 000724 xsmuldp    F1881180   1     MFL       vs12=vs8,vs2,fcr
    0| 000728 xsadddp    F1083100   1     AFL       vs8=vs8,vs6,fcr
   33| 00072C addi       39050030   1     AI        gr8=gr5,48
   33| 000730 xsmuldp    F1681180   1     MFL       vs11=vs8,vs2,fcr
   33| 000734 xsmaddadp  F1832108   1     FMA       vs12=vs12,vs3,vs4,fcr
    0| 000738 xsadddp    F1083100   1     AFL       vs8=vs8,vs6,fcr
   33| 00073C xsmaddadp  F1272908   1     FMA       vs9=vs9,vs7,vs5,fcr
   33| 000740 xsmaddadp  F1632108   1     FMA       vs11=vs11,vs3,vs4,fcr
   33| 000744 xsmaddadp  F1872908   1     FMA       vs12=vs12,vs7,vs5,fcr
    0| 000748 xsadddp    F1483100   1     AFL       vs10=vs8,vs6,fcr
   33| 00074C xsmuldp    F1081180   1     MFL       vs8=vs8,vs2,fcr
   33| 000750 xsmaddadp  F1672908   1     FMA       vs11=vs11,vs7,vs5,fcr
   33| 000754 xsmaddadp  F1032108   1     FMA       vs8=vs8,vs3,vs4,fcr
   33| 000758 xsadddp    F1A90900   1     AFL       vs13=vs9,vs1,fcr
   33| 00075C xsmuldp    F12A1180   1     MFL       vs9=vs10,vs2,fcr
    0| 000760 xsadddp    F14A3100   1     AFL       vs10=vs10,vs6,fcr
   33| 000764 xsadddp    F18C0900   1     AFL       vs12=vs12,vs1,fcr
   33| 000768 xsmaddadp  F1232108   1     FMA       vs9=vs9,vs3,vs4,fcr
   33| 00076C stfd       D9A50008   1     STFL      (double)$$10.rns5.(gr5,8)=vs13
   34| 000770 stfd       D8060008   1     STFL      (double)$$10.rns5.(gr6,8)=vs0
   33| 000774 stfd       D9850010   1     STFL      (double)$$10.rns5.(gr5,16)=vs12
    0| 000778 xsadddp    F00A3101   1     AFL       vs32=vs10,vs6,fcr
   33| 00077C xsmuldp    F14A1180   1     MFL       vs10=vs10,vs2,fcr
   34| 000780 stfdu      DC070010   1     STFDU     gr7,(double)$$10.rns5.(gr7,16)=vs0
   33| 000784 xsadddp    F1AB0900   1     AFL       vs13=vs11,vs1,fcr
    0| 000788 bc         42400088   0     BCF       ctr=CL.559,taken=0%(0,100)
    0| 00078C ori        60000000   2
    0|                                CL.560:
   33| 000790 xsmuldp    F1601184   1     MFL       vs11=vs32,vs2,fcr
    0| 000794 xsadddp    F1803104   1     AFL       vs12=vs32,vs6,fcr
   33| 000798 xsmaddadp  F1072908   1     FMA       vs8=vs8,vs7,vs5,fcr
   33| 00079C xsmaddadp  F1432108   1     FMA       vs10=vs10,vs3,vs4,fcr
   33| 0007A0 xsmaddadp  F1272908   1     FMA       vs9=vs9,vs7,vs5,fcr
   33| 0007A4 stfd       D9A8FFE8   1     STFL      (double)$$10.rns5.(gr8,-24)=vs13
   34| 0007A8 stfd       D8070008   1     STFL      (double)$$10.rns5.(gr7,8)=vs0
   33| 0007AC xsmaddadp  F1632108   1     FMA       vs11=vs11,vs3,vs4,fcr
    0| 0007B0 xsadddp    F1AC3100   1     AFL       vs13=vs12,vs6,fcr
   33| 0007B4 xsadddp    F3C80900   1     AFL       vs30=vs8,vs1,fcr
   33| 0007B8 xsmaddadp  F1472908   1     FMA       vs10=vs10,vs7,vs5,fcr
   33| 0007BC xsadddp    F3A90900   1     AFL       vs29=vs9,vs1,fcr
   34| 0007C0 addi       38E70020   1     AI        gr7=gr7,32
    0| 0007C4 xsadddp    F00D3101   1     AFL       vs32=vs13,vs6,fcr
   33| 0007C8 xsmuldp    F10C1180   1     MFL       vs8=vs12,vs2,fcr
    0| 0007CC ori        60000000   1     NOP       
   33| 0007D0 xsmuldp    F12D1180   1     MFL       vs9=vs13,vs2,fcr
   33| 0007D4 xsmaddadp  F1672908   1     FMA       vs11=vs11,vs7,vs5,fcr
   33| 0007D8 stfd       DBC8FFF0   1     STFL      (double)$$10.rns5.(gr8,-16)=vs30
   33| 0007DC xsadddp    F18A0900   1     AFL       vs12=vs10,vs1,fcr
   34| 0007E0 stfd       D807FFF0   1     STFL      (double)$$10.rns5.(gr7,-16)=vs0
   33| 0007E4 stfd       DBA8FFF8   1     STFL      (double)$$10.rns5.(gr8,-8)=vs29
   34| 0007E8 stfd       D807FFF8   1     STFL      (double)$$10.rns5.(gr7,-8)=vs0
   33| 0007EC xsmuldp    F1401184   1     MFL       vs10=vs32,vs2,fcr
    0| 0007F0 xsadddp    F0003105   1     AFL       vs32=vs32,vs6,fcr
   33| 0007F4 xsmaddadp  F1032108   1     FMA       vs8=vs8,vs3,vs4,fcr
   33| 0007F8 xsmaddadp  F1232108   1     FMA       vs9=vs9,vs3,vs4,fcr
   33| 0007FC stfd       D9880000   1     STFL      (double)$$10.rns5.(gr8,0)=vs12
   33| 000800 xsadddp    F1AB0900   1     AFL       vs13=vs11,vs1,fcr
   33| 000804 addi       39080020   1     AI        gr8=gr8,32
   34| 000808 stfd       D8070000   1     STFL      (double)$$10.rns5.(gr7,0)=vs0
    0| 00080C bc         4200FF84   0     BCT       ctr=CL.560,taken=100%(100,0)
    0|                                CL.559:
   30| 000810 addi       38840001   1     AI        gr4=gr4,1
   33| 000814 xsmaddadp  F1072908   1     FMA       vs8=vs8,vs7,vs5,fcr
   33| 000818 xsmaddadp  F1432108   1     FMA       vs10=vs10,vs3,vs4,fcr
    0| 00081C addi       38A52810   1     AI        gr5=gr5,10256
   33| 000820 xsmaddadp  F1472908   1     FMA       vs10=vs10,vs7,vs5,fcr
   33| 000824 xsadddp    F1080900   1     AFL       vs8=vs8,vs1,fcr
   33| 000828 xsmaddadp  F1272908   1     FMA       vs9=vs9,vs7,vs5,fcr
   30| 00082C cmpldi     28240282   1     CL8       cr0=gr4,642
    0| 000830 addi       38C62810   1     AI        gr6=gr6,10256
   33| 000834 stfd       D9A8FFE8   1     STFL      (double)$$10.rns5.(gr8,-24)=vs13
   33| 000838 xsadddp    F14A0900   1     AFL       vs10=vs10,vs1,fcr
   34| 00083C stfd       D8070008   1     STFL      (double)$$10.rns5.(gr7,8)=vs0
    0| 000840 xsadddp    F0E73100   1     AFL       vs7=vs7,vs6,fcr
   33| 000844 xsadddp    F1290900   1     AFL       vs9=vs9,vs1,fcr
   33| 000848 stfd       D908FFF0   1     STFL      (double)$$10.rns5.(gr8,-16)=vs8
   34| 00084C stfd       D8070010   1     STFL      (double)$$10.rns5.(gr7,16)=vs0
   33| 000850 stfd       D928FFF8   1     STFL      (double)$$10.rns5.(gr8,-8)=vs9
   34| 000854 stfd       D8070018   1     STFL      (double)$$10.rns5.(gr7,24)=vs0
   33| 000858 stfd       D9480000   1     STFL      (double)$$10.rns5.(gr8,0)=vs10
   34| 00085C stfd       D8070020   1     STFL      (double)$$10.rns5.(gr7,32)=vs0
   30| 000860 bc         4180FEB0   0     BT        CL.131,cr0,0x8/llt,taken=80%(80,20)
   29| 000864 addi       38630001   2     AI        gr3=gr3,1
    0| 000868 xsadddp    F0633100   1     AFL       vs3=vs3,vs6,fcr
    0| 00086C add        7D8C5214   1     A         gr12=gr12,gr10
    0| 000870 add        7D6B5214   1     A         gr11=gr11,gr10
   29| 000874 cmpldi     282301E2   1     CL8       cr0=gr3,482
   29| 000878 bc         4180FE88   1     BT        CL.129,cr0,0x8/llt,taken=80%(80,20)
  184| 00087C addi       387E00EC   2     AI        gr3=gr30,236
  184| 000880 bl         48000001   0     CALL      gr3=printf,1,gr3,#ProcAlias",printf",fcr,gr1,cr[01567]",gr0",gr2",gr4"-gr12",vs0"-vs13",mq",lr",xer",fsr",ca",ctr",nj",vs0"-vs13",vs32"-vs51"
  184| 000884 ori        60000000   1
  185| 000888 addi       3BE00000   1     LI        gr31=0
    0| 00088C xxlor      F3DFFC90   1     LRVS      vs30=vs31
  188| 000890 addi       38610060   1     AI        gr3=gr1,96
  188| 000894 addi       38800000   1     LI        gr4=0
  188| 000898 ori        60000000   1
  188| 00089C ori        60000000   1
  185|                                CL.123:
  188| 0008A0 bl         48000001   0     CALL      gr3=gettimeofday,2,t1",gr3,@PALI_SHADOW_CONST.rns7.,gr4,#ProcAlias",gettimeofday",fcr,gr1,cr[01567]",gr0",gr2",gr4"-gr12",vs0"-vs13",mq",lr",xer",fsr",ca",ctr",nj",vs0"-vs13",vs32"-vs51"
  188| 0008A4 ori        60000000   1
    0| 0008A8 addis      3C820000   1     LAU       gr4=.src(gr2,0)
    0| 0008AC ld         E8840000   1     L8        gr4=.src(gr4,0)
    0| 0008B0 addis      3C620000   1     LAU       gr3=.dst(gr2,0)
    0| 0008B4 ld         E8630000   1     L8        gr3=.dst(gr3,0)
  190| 0008B8 bl         4BFFF951   0     CALL      kernel_simd,2,dst",gr3,src",gr4,#ProcAlias",kernel_simd",fcr,gr1,cr[01567]",gr0",gr2",gr3"-gr12",vs0"-vs13",mq",lr",xer",fsr",ca",ctr",nj",vs0"-vs13",vs32"-vs51"
  192| 0008BC addi       38800000   1     LI        gr4=0
  192| 0008C0 addi       38610070   1     AI        gr3=gr1,112
  192| 0008C4 bl         48000001   0     CALL      gr3=gettimeofday,2,t2",gr3,@PALI_SHADOW_CONST.rns7.,gr4,#ProcAlias",gettimeofday",fcr,gr1,cr[01567]",gr0",gr2",gr4"-gr12",vs0"-vs13",mq",lr",xer",fsr",ca",ctr",nj",vs0"-vs13",vs32"-vs51"
  192| 0008C8 ori        60000000   1
  193| 0008CC lfd        CBFE0108   1     LFL       vs31=+CONSTANT_AREA(gr30,264)
  193| 0008D0 ld         E8010070   1     L8        gr0=<a4:d112:l8>(gr1,112)
  193| 0008D4 ld         E8810060   1     L8        gr4=<a4:d96:l8>(gr1,96)
  193| 0008D8 ld         E8A10078   1     L8        gr5=<a4:d120:l8>(gr1,120)
  193| 0008DC ld         E8C10068   1     L8        gr6=<a4:d104:l8>(gr1,104)
  194| 0008E0 addi       387E0110   1     AI        gr3=gr30,272
  193| 0008E4 subf       7C040050   1     S         gr0=gr0,gr4
  193| 0008E8 mtvsrd     7C200166   1     XFRG2F    vs1=gr0
  193| 0008EC subf       7C862850   1     S         gr4=gr5,gr6
  193| 0008F0 mtvsrd     7C040166   1     XFRG2F    vs0=gr4
  193| 0008F4 xscvsxddp  F00005E0   1     FCFID     vs0=vs0,fcr
  193| 0008F8 xscvsxddp  F0200DE0   1     FCFID     vs1=vs1,fcr
  193| 0008FC xsmaddadp  F020F908   1     FMA       vs1=vs1,vs0,vs31,fcr
  194| 000900 mfvsrd     7C240066   1     XFRF2G    gr4=vs1
  193| 000904 xvmindp    F3C1F741   1     VMINFL    vs62=vs1,vs30
  193| 000908 xxlor      F3DEF496   1     LRVS      vs30=vs62
  194| 00090C bl         48000001   0     CALL      gr3=printf,2,gr3,vs1,gr4,#ProcAlias",printf",fcr,gr1,cr[01567]",gr0",gr2",gr4"-gr12",vs0"-vs13",mq",lr",xer",fsr",ca",ctr",nj",vs0"-vs13",vs32"-vs51"
  194| 000910 ori        60000000   1
  195| 000914 ld         E8010070   1     L8        gr0=<a4:d112:l8>(gr1,112)
  185| 000918 addi       3BFF0001   1     AI        gr31=gr31,1
  188| 00091C addi       38610060   1     AI        gr3=gr1,96
  195| 000920 ld         E8A10060   1     L8        gr5=<a4:d96:l8>(gr1,96)
  195| 000924 ld         E8810078   1     L8        gr4=<a4:d120:l8>(gr1,120)
  195| 000928 ld         E8C10068   1     L8        gr6=<a4:d104:l8>(gr1,104)
  195| 00092C subf       7CC62050   2     S         gr6=gr4,gr6
  188| 000930 addi       38800000   1     LI        gr4=0
  185| 000934 cmpldi     283F0032   1     CL8       cr0=gr31,50
  195| 000938 subf       7C050050   1     S         gr0=gr0,gr5
  195| 00093C mtvsrd     7C000166   1     XFRG2F    vs0=gr0
  195| 000940 mtvsrd     7C260166   1     XFRG2F    vs1=gr6
  195| 000944 xscvsxddp  F00005E0   1     FCFID     vs0=vs0,fcr
  195| 000948 xscvsxddp  F0200DE0   1     FCFID     vs1=vs1,fcr
  195| 00094C xsmaddadp  F001F908   1     FMA       vs0=vs0,vs1,vs31,fcr
  195| 000950 xsadddp    F3E0F903   1     AFL       vs63=vs0,vs63,fcr
  185| 000954 bc         4180FF4C   0     BT        CL.123,cr0,0x8/llt,taken=80%(80,20)
  202| 000958 lfs        C3FE011C   1     LFS       vs31=+CONSTANT_AREA(gr30,284)
  202| 00095C mfvsrd     7FC40066   1     XFRF2G    gr4=vs30
  202| 000960 lfd        CBBE0120   1     LFL       vs29=+CONSTANT_AREA(gr30,288)
  202| 000964 addi       387E0128   1     AI        gr3=gr30,296
  202| 000968 xxlor      F03EF490   1     LRVS      vs1=vs30
  202| 00096C xsdivdp    F01FF1C2   1     DFL       vs0=vs31,vs62,fcr
    0| 000970 ld         EBE100B0   1     L8        gr31=#stack(gr1,176)
  202| 000974 xsmuldp    F040E980   1     MFL       vs2=vs0,vs29,fcr
  202| 000978 mfvsrd     7C450066   1     XFRF2G    gr5=vs2
  202| 00097C bl         48000001   0     CALL      gr3=printf,3,gr3,vs1,gr4,vs2,gr5,#ProcAlias",printf",fcr,gr1,cr[01567]",gr0",gr2",gr4"-gr12",vs0"-vs13",mq",lr",xer",fsr",ca",ctr",nj",vs0"-vs13",vs32"-vs51"
  202| 000980 ori        60000000   1
  203| 000984 lfd        C83E0160   1     LFL       vs1=+CONSTANT_AREA(gr30,352)
  203| 000988 lfs        C01E0168   1     LFS       vs0=+CONSTANT_AREA(gr30,360)
  203| 00098C addi       387E016C   1     AI        gr3=gr30,364
  203| 000990 xsmuldp    F03F0984   1     MFL       vs1=vs63,vs1,fcr
  203| 000994 xsdivdp    F000F9C2   1     DFL       vs0=vs0,vs63,fcr
  203| 000998 xsmuldp    F000F980   1     MFL       vs0=vs0,vs31,fcr
  203| 00099C xsmuldp    F040E980   1     MFL       vs2=vs0,vs29,fcr
  203| 0009A0 mfvsrd     7C240066   1     XFRF2G    gr4=vs1
  203| 0009A4 mfvsrd     7C450066   1     XFRF2G    gr5=vs2
  203| 0009A8 bl         48000001   0     CALL      gr3=printf,3,gr3,vs1,gr4,vs2,gr5,#ProcAlias",printf",fcr,gr1,cr[01567]",gr0",gr2",gr4"-gr12",vs0"-vs13",mq",lr",xer",fsr",ca",ctr",nj",vs0"-vs13",vs32"-vs51"
  203| 0009AC ori        60000000   1
  204| 0009B0 addi       38600000   1     LI        gr3=0
    0| 0009B4 ld         EBC100A8   1     L8        gr30=#stack(gr1,168)
    0| 0009B8 ld         E80100E0   1     L8        gr0=#stack(gr1,224)
    0| 0009BC lfd        CBA100B8   1     LFL       vs29=#stack(gr1,184)
    0| 0009C0 lfd        CBC100C0   1     LFL       vs30=#stack(gr1,192)
    0| 0009C4 lfd        CBE100C8   1     LFL       vs31=#stack(gr1,200)
    0| 0009C8 mtspr      7C0803A6   1     LLR       lr=gr0
  205| 0009CC addi       382100D0   1     AI        gr1=gr1,208
    0| 0009D0 addi       3800FFB0   1     LI        gr0=-80
    0| 0009D4 lvx        7FC100CE   1     VLQ       vs62=#stack(gr1,gr0)
    0| 0009D8 addi       3800FFC0   1     LI        gr0=-64
    0| 0009DC lvx        7FE100CE   1     VLQ       vs63=#stack(gr1,gr0)
  205| 0009E0 bclr       4E800020   0     BA        lr
     |               Tag Table
     | 0009E4        00000000 00002201 83020000 84030000
     |               Instruction count          225
     |               Straight-line exec time    218
 GPR's set/used:   ssss ssss ssss s-ss  ssss ssss ssss ssss
 FPR's set/used:   ssss ssss ssss ss--  ---- ---- ---- ----
 CCR's set/used:   ss-- -sss
  VR's set/used:   ssss ssss ssss ssss  ssss ---- ---- --ss
     | 000000                             PDEF     kernel_simd$$OL$$1
   52|                                    PROC      $$lomphdl229,$$ThreadId0,gr3,gr4,gr11
   52| 000A00 addis      3C4C0000   1     TOCBASE   gr2=gr12
   52| 000A04 addi       38420000   1
    0| 000A08 addi       3800FF60   1     LI        gr0=-160
    0| 000A0C stvx       7FE101CE   1     VSTQ      #stack(gr1,gr0)=vs63
    0| 000A10 addi       3800FF50   1     LI        gr0=-176
    0| 000A14 stvx       7FC101CE   1     VSTQ      #stack(gr1,gr0)=vs62
    0| 000A18 mfspr      7C0802A6   1     LFLR      gr0=lr
    0| 000A1C std        F8010010   2     ST8       #stack(gr1,16)=gr0
    0| 000A20 std        FBE1FFF8   1     ST8       #stack(gr1,-8)=gr31
    0| 000A24 std        FBC1FFF0   1     ST8       #stack(gr1,-16)=gr30
    0| 000A28 std        FBA1FFE8   1     ST8       #stack(gr1,-24)=gr29
    0| 000A2C std        FB81FFE0   1     ST8       #stack(gr1,-32)=gr28
    0| 000A30 std        FB61FFD8   1     ST8       #stack(gr1,-40)=gr27
    0| 000A34 std        FB41FFD0   1     ST8       #stack(gr1,-48)=gr26
    0| 000A38 std        FB21FFC8   1     ST8       #stack(gr1,-56)=gr25
    0| 000A3C std        FB01FFC0   1     ST8       #stack(gr1,-64)=gr24
    0| 000A40 std        FAE1FFB8   1     ST8       #stack(gr1,-72)=gr23
    0| 000A44 std        FAC1FFB0   1     ST8       #stack(gr1,-80)=gr22
    0| 000A48 std        FAA1FFA8   1     ST8       #stack(gr1,-88)=gr21
    0| 000A4C std        FA81FFA0   1     ST8       #stack(gr1,-96)=gr20
    0| 000A50 std        FA61FF98   1     ST8       #stack(gr1,-104)=gr19
    0| 000A54 std        FA41FF90   1     ST8       #stack(gr1,-112)=gr18
    0| 000A58 std        FA21FF88   1     ST8       #stack(gr1,-120)=gr17
    0| 000A5C std        FA01FF80   1     ST8       #stack(gr1,-128)=gr16
    0| 000A60 std        F9E1FF78   1     ST8       #stack(gr1,-136)=gr15
    0| 000A64 std        F9C1FF70   1     ST8       #stack(gr1,-144)=gr14
    0| 000A68 stdu       F821FDE1   1     ST8U      gr1,#stack(gr1,-544)=gr1
    0| 000A6C std        F86100A0   1     ST8       #SPILL0(gr1,160)=gr3
    0| 000A70 std        F9610080   1     ST8       #ENV:kernel_simd$$OL$$1(gr1,128)=gr11
    0| 000A74 or         7D7E5B78   1     LR        gr30=gr11
    0| 000A78 bl         48000001   0     CALLN     gr3=_lomp_GetHandle,0,#ENV:kernel_simd$$OL$$1,_lomp_GetHandle,_lomp_GetHandle",gr1,cr[01567]",gr0",gr2",gr4"-gr12",vs0"-vs13",mq",lr",xer",fsr",ca",ctr",nj",vs0"-vs13",vs32"-vs51"
    0| 000A7C ori        60000000   1
    0| 000A80 ld         E8DE0108   1     L8        gr6=$$myLB0(gr30,264)
    0| 000A84 or         7C7D1B78   1     LR        gr29=gr3
   50| 000A88 addi       38E00000   1     LI        gr7=0
    0| 000A8C ld         E89E0100   1     L8        gr4=$$myUB0(gr30,256)
   50| 000A90 addi       38000000   1     LI        gr0=0
   50| 000A94 addi       38A001E0   1     LI        gr5=480
   50| 000A98 addi       39400000   1     LI        gr10=0
   50| 000A9C addi       39210090   1     AI        gr9=gr1,144
    0| 000AA0 std        F8C10088   1     ST8       $$myLB0(gr1,136)=gr6
    0| 000AA4 std        F8810090   1     ST8       $$myUB0(gr1,144)=gr4
   50| 000AA8 or         7FA4EB78   1     LR        gr4=gr29
   50| 000AAC addi       39010088   1     AI        gr8=gr1,136
    0| 000AB0 std        F86100A8   1     ST8       #SPILL1(gr1,168)=gr3
   50| 000AB4 addi       38600004   1     LI        gr3=4
   50| 000AB8 std        F8010060   1     ST8       #MX_TEMP5(gr1,96)=gr0
   50| 000ABC addi       38C00005   1     LI        gr6=5
   50| 000AC0 std        F8010068   1     ST8       #MX_TEMP5(gr1,104)=gr0
   50| 000AC4 bl         48000001   0     CALLN     gr3=_lomp_Loop_First,10,#ENV:kernel_simd$$OL$$1,gr3-gr7,$$myLB0",gr8,$$myUB0",gr9,gr10,_lomp_Loop_First,#MX_TEMP5",_lomp_Loop_First",gr1,cr[01567]",gr0",gr2",gr4"-gr12",vs0"-vs13",mq",lr",xer",fsr",ca",ctr",nj",vs0"-vs13",vs32"-vs51"
   50| 000AC8 ori        60000000   1
   50| 000ACC ld         E8010088   1     L8        gr0=$$myLB0(gr1,136)
   50| 000AD0 ld         E8810090   1     L8        gr4=$$myUB0(gr1,144)
   50| 000AD4 cmpd       7C202000   2     C8        cr0=gr0,gr4
   50| 000AD8 bc         40800778   1     BF        CL.547,cr0,0x1/lt,taken=20%(20,80)
    0| 000ADC addi       38600020   1     LI        gr3=32
    0| 000AE0 lvx        7FFE18CE   1     VLQ       vs63=v04(gr30,gr3,0)
   62| 000AE4 ld         E8FE0178   1     L8        gr7=src(gr30,376)
    0| 000AE8 addi       3A80A830   1     LI        gr20=-22480
  133| 000AEC ld         E8BE0170   1     L8        gr5=dst(gr30,368)
    0| 000AF0 addis      3CC00064   1     LIU       gr6=100
    0| 000AF4 addi       38600030   1     LI        gr3=48
    0| 000AF8 lvx        7FDE18CE   1     VLQ       vs62=v03(gr30,gr3,0)
    0| 000AFC addi       39401868   1     LI        gr10=6248
    0| 000B00 addi       3A202848   1     LI        gr17=10312
    0| 000B04 addi       3920D020   1     LI        gr9=-12256
    0| 000B08 addi       3900A838   1     LI        gr8=-22472
    0| 000B0C addi       3B808010   1     LI        gr28=-32752
    0| 000B10 addi       3BE0A808   1     LI        gr31=-22520
    0| 000B14 addi       3A602818   1     LI        gr19=10264
    0| 000B18 ori        60C3F828   1     OIL       gr3=gr6,0xF828
    0| 000B1C addi       3BA0A828   1     LI        gr29=-22488
    0| 000B20 addi       39667820   1     AI        gr11=gr6,30752
    0| 000B24 add        7E433A14   1     A         gr18=gr3,gr7
    0| 000B28 addi       38C0A820   1     LI        gr6=-22496
    0| 000B2C add        7D832A14   1     A         gr12=gr3,gr5
    0| 000B30 addi       38A02838   1     LI        gr5=10296
    0| 000B34 addis      3C6700C9   1     AIU       gr3=gr7,201
    0| 000B38 addi       3B608000   1     LI        gr27=-32768
    0| 000B3C addi       3B00D040   1     LI        gr24=-12224
    0| 000B40 addi       39E01878   1     LI        gr15=6264
    0| 000B44 addi       39C01888   1     LI        gr14=6280
    0| 000B48 addi       3AE08020   1     LI        gr23=-32736
    0| 000B4C addi       3B20D030   1     LI        gr25=-12240
    0| 000B50 addi       3B40D050   1     LI        gr26=-12208
    0| 000B54 addi       3AA01858   1     LI        gr21=6232
    0| 000B58 std        F90100B8   1     ST8       #SPILL3(gr1,184)=gr8
    0| 000B5C addi       3A002828   1     LI        gr16=10280
    0| 000B60 addi       3BC0A818   1     LI        gr30=-22504
    0| 000B64 std        FA810100   1     ST8       #SPILL12(gr1,256)=gr20
    0| 000B68 addi       3AC08030   1     LI        gr22=-32720
   62| 000B6C std        F8E100B0   1     ST8       #SPILL2(gr1,176)=gr7
    0| 000B70 std        F92100C0   1     ST8       #SPILL4(gr1,192)=gr9
    0| 000B74 std        F94100C8   1     ST8       #SPILL5(gr1,200)=gr10
    0| 000B78 std        F96100D0   1     ST8       #SPILL6(gr1,208)=gr11
    0| 000B7C std        FA210108   1     ST8       #SPILL13(gr1,264)=gr17
    0| 000B80 addi       3A20A840   1     LI        gr17=-22464
    0| 000B84 std        F98100D8   1     ST8       #SPILL7(gr1,216)=gr12
    0| 000B88 std        FA6100E0   1     ST8       #SPILL8(gr1,224)=gr19
    0| 000B8C std        FA4100E8   1     ST8       #SPILL9(gr1,232)=gr18
    0| 000B90 std        F8A100F0   1     ST8       #SPILL10(gr1,240)=gr5
    0| 000B94 std        F8C100F8   1     ST8       #SPILL11(gr1,248)=gr6
    0| 000B98 std        F8610110   1     ST8       #SPILL14(gr1,272)=gr3
    0| 000B9C addi       3A80A810   1     LI        gr20=-22512
   50|                                CL.139:
    0| 000BA0 ld         E96100B0   1     L8        gr11=#SPILL2(gr1,176)
    0| 000BA4 ld         E8C100D0   1     L8        gr6=#SPILL6(gr1,208)
  138| 000BA8 subf       7CE02050   1     S         gr7=gr4,gr0
    0| 000BAC ld         E88100E8   1     L8        gr4=#SPILL9(gr1,232)
    0| 000BB0 ld         E9410110   1     L8        gr10=#SPILL14(gr1,272)
   50| 000BB4 addi       38A00000   1     LI        gr5=0
    0| 000BB8 mulld      7C6031D2   1     M         gr3=gr0,gr6
    0| 000BBC add        7D835A14   1     A         gr12=gr3,gr11
  138| 000BC0 std        F8E10120   1     ST8       #SPILL16(gr1,288)=gr7
    0| 000BC4 ld         EA6100D8   1     L8        gr19=#SPILL7(gr1,216)
    0| 000BC8 add        7D032214   1     A         gr8=gr3,gr4
   50| 000BCC std        F8A10118   1     ST8       #SPILL15(gr1,280)=gr5
    0| 000BD0 std        F9010128   1     ST8       #SPILL17(gr1,296)=gr8
    0| 000BD4 std        F9810130   1     ST8       #SPILL18(gr1,304)=gr12
    0| 000BD8 add        7C035214   1     A         gr0=gr3,gr10
    0| 000BDC add        7D239A14   1     A         gr9=gr3,gr19
   50|                                CL.141:
   51| 000BE0 addi       38A00000   1     LI        gr5=0
   51| 000BE4 std        F8A10138   1     ST8       #SPILL19(gr1,312)=gr5
    0| 000BE8 std        F8010140   1     ST8       #SPILL20(gr1,320)=gr0
    0| 000BEC ld         E8610128   1     L8        gr3=#SPILL17(gr1,296)
    0| 000BF0 std        F9210148   1     ST8       #SPILL21(gr1,328)=gr9
    0| 000BF4 ld         E8810130   1     L8        gr4=#SPILL18(gr1,304)
   51|                                CL.143:
   65| 000BF8 ld         E8C100B8   1     L8        gr6=#SPILL3(gr1,184)
    0| 000BFC addi       3940A848   1     LI        gr10=-22456
   66| 000C00 lxvd2x     7C035698   1     VLQD      vs0=(double).rns0.(gr3,gr10,0)
   63| 000C04 lxvd2x     7C63F698   1     VLQD      vs3=(double).rns0.(gr3,gr30,0)
   64| 000C08 lxvd2x     7C23EE98   1     VLQD      vs1=(double).rns0.(gr3,gr29,0)
   73| 000C0C ld         E8E100C0   1     L8        gr7=#SPILL4(gr1,192)
   65| 000C10 lxvd2x     7C433698   1     VLQD      vs2=(double).rns0.(gr3,gr6,0)
   62| 000C14 lxvd2x     7C83FE98   1     VLQD      vs4=(double).rns0.(gr3,gr31,0)
   81| 000C18 lxvd2x     7C43BE99   1     VLQD      vs34=(double).rns0.(gr3,gr23,0)
   82| 000C1C lxvd2x     7D43B698   1     VLQD      vs10=(double).rns0.(gr3,gr22,0)
   75| 000C20 lxvd2x     7DA3C698   1     VLQD      vs13=(double).rns0.(gr3,gr24,0)
   76| 000C24 lxvd2x     7D23D698   1     VLQD      vs9=(double).rns0.(gr3,gr26,0)
   79| 000C28 lxvd2x     7D63DE98   1     VLQD      vs11=(double).rns0.(gr3,gr27,0)
   93| 000C2C ld         E96100F0   1     L8        gr11=#SPILL10(gr1,240)
   73| 000C30 lxvd2x     7CE33E98   1     VLQD      vs7=(double).rns0.(gr3,gr7,0)
   91| 000C34 ld         E90100E0   1     L8        gr8=#SPILL8(gr1,224)
   74| 000C38 lxvd2x     7C03CE99   1     VLQD      vs32=(double).rns0.(gr3,gr25,0)
    0| 000C3C ld         E8A10140   1     L8        gr5=#SPILL20(gr1,320)
   80| 000C40 lxvd2x     7C23E699   1     VLQD      vs33=(double).rns0.(gr3,gr28,0)
   70| 000C44 xxsldwi    F0C11210   1     VSLDWI    vs6=vs1,vs2,2
   86| 000C48 ld         E98100C8   1     L8        gr12=#SPILL5(gr1,200)
   69| 000C4C xxsldwi    F0A30A10   1     VSLDWI    vs5=vs3,vs1,2
   71| 000C50 xxsldwi    F1020210   1     VSLDWI    vs8=vs2,vs0,2
   68| 000C54 xxsldwi    F1841A10   1     VSLDWI    vs12=vs4,vs3,2
   94| 000C58 ld         EA610108   1     L8        gr19=#SPILL13(gr1,264)
  105| 000C5C xvadddp    F1AD1302   1     VDFA      vs13=vs13,vs34,fcr
   99| 000C60 xvmuldp    F0DF3384   1     VDFM      vs6=vs63,vs6,fcr
  103| 000C64 xvadddp    F0E75B00   1     VDFA      vs7=vs7,vs11,fcr
   85| 000C68 lxvd2x     7D65AE98   1     VLQD      vs11=(double).rns0.(gr5,gr21,0)
  106| 000C6C xvadddp    F1295300   1     VDFA      vs9=vs9,vs10,fcr
   91| 000C70 lxvd2x     7D444698   1     VLQD      vs10=(double).rns0.(gr4,gr8,0)
   87| 000C74 lxvd2x     7C457E99   1     VLQD      vs34=(double).rns0.(gr5,gr15,0)
  100| 000C78 xvmuldp    F11F4384   1     VDFM      vs8=vs63,vs8,fcr
   97| 000C7C xvmuldp    F19F6384   1     VDFM      vs12=vs63,vs12,fcr
  104| 000C80 xvadddp    F0000B07   1     VDFA      vs32=vs32,vs33,fcr
   98| 000C84 xvmuldp    F0BF2B84   1     VDFM      vs5=vs63,vs5,fcr
   93| 000C88 lxvd2x     7C845E99   1     VLQD      vs36=(double).rns0.(gr4,gr11,0)
   94| 000C8C lxvd2x     7CC49E99   1     VLQD      vs38=(double).rns0.(gr4,gr19,0)
   92| 000C90 lxvd2x     7C248699   1     VLQD      vs33=(double).rns0.(gr4,gr16,0)
  113| 000C94 xvadddp    F14B5300   1     VDFA      vs10=vs11,vs10,fcr
   88| 000C98 lxvd2x     7C657699   1     VLQD      vs35=(double).rns0.(gr5,gr14,0)
  115| 000C9C xvadddp    F1622306   1     VDFA      vs11=vs34,vs36,fcr
   86| 000CA0 lxvd2x     7CA56699   1     VLQD      vs37=(double).rns0.(gr5,gr12,0)
  108| 000CA4 xvmaddadp  F19E3B0C   1     VDFMA     vs12=vs12,vs62,vs7,fcr
  109| 000CA8 xvmaddadp  F0BE030E   1     VDFMA     vs5=vs5,vs62,vs32,fcr
  110| 000CAC xvmaddadp  F0DE6B0C   1     VDFMA     vs6=vs6,vs62,vs13,fcr
  111| 000CB0 xvmaddadp  F11E4B0C   1     VDFMA     vs8=vs8,vs62,vs9,fcr
  114| 000CB4 xvadddp    F0E50B06   1     VDFA      vs7=vs37,vs33,fcr
  116| 000CB8 xvadddp    F0033307   1     VDFA      vs32=vs35,vs38,fcr
  118| 000CBC xvmaddadp  F19E530C   1     VDFMA     vs12=vs12,vs62,vs10,fcr
  126| 000CC0 xvadddp    F0001300   1     VDFA      vs0=vs0,vs2,fcr
  120| 000CC4 xvmaddadp  F0DE5B0C   1     VDFMA     vs6=vs6,vs62,vs11,fcr
  125| 000CC8 xvadddp    F1211300   1     VDFA      vs9=vs1,vs2,fcr
  121| 000CCC xvmaddadp  F11E030E   1     VDFMA     vs8=vs8,vs62,vs32,fcr
  119| 000CD0 xvmaddadp  F0BE3B0C   1     VDFMA     vs5=vs5,vs62,vs7,fcr
    0| 000CD4 addi       38E0004F   1     LI        gr7=79
  123| 000CD8 xvadddp    F0841B00   1     VDFA      vs4=vs4,vs3,fcr
  130| 000CDC xvmaddadp  F0DE4B0C   1     VDFMA     vs6=vs6,vs62,vs9,fcr
    0| 000CE0 ld         E8C10148   1     L8        gr6=#SPILL21(gr1,328)
  128| 000CE4 xvmaddadp  F19E230C   1     VDFMA     vs12=vs12,vs62,vs4,fcr
  124| 000CE8 xvadddp    F0230B00   1     VDFA      vs1=vs3,vs1,fcr
  131| 000CEC xvmaddadp  F11E030C   1     VDFMA     vs8=vs8,vs62,vs0,fcr
  134| 000CF0 ld         EA4100F8   1     L8        gr18=#SPILL11(gr1,248)
  129| 000CF4 xvmaddadp  F0BE0B0C   1     VDFMA     vs5=vs5,vs62,vs1,fcr
    0| 000CF8 mtspr      7CE903A6   1     LCTR      ctr=gr7
  135| 000CFC ld         E8E10100   1     L8        gr7=#SPILL12(gr1,256)
   62| 000D00 ld         EA610138   1     L8        gr19=#SPILL19(gr1,312)
  135| 000D04 stxvd2x    7CC63F98   1     VSTQD     (double).rns0.(gr6,gr7,0)=vs6
    0| 000D08 addi       3980A870   1     LI        gr12=-22416
    0| 000D0C addi       3960A850   1     LI        gr11=-22448
   62| 000D10 addi       3A730001   1     AI        gr19=gr19,1
    0| 000D14 addi       39002888   1     LI        gr8=10376
  133| 000D18 stxvd2x    7D86A798   1     VSTQD     (double).rns0.(gr6,gr20,0)=vs12
   62| 000D1C std        FA610138   1     ST8       #SPILL19(gr1,312)=gr19
    0| 000D20 addi       3A60A860   1     LI        gr19=-22432
  136| 000D24 stxvd2x    7D068F98   1     VSTQD     (double).rns0.(gr6,gr17,0)=vs8
  134| 000D28 stxvd2x    7CA69798   1     VSTQD     (double).rns0.(gr6,gr18,0)=vs5
   62| 000D2C lxvd2x     7C035698   1     VLQD      vs0=(double).rns0.(gr3,gr10,0)
    0| 000D30 addi       3A40A880   1     LI        gr18=-22400
    0| 000D34 addi       38E0A858   1     LI        gr7=-22440
   63| 000D38 lxvd2x     7C633E99   1     VLQD      vs35=(double).rns0.(gr3,gr7,0)
   68| 000D3C xxsldwi    F0C01A12   1     VSLDWI    vs6=vs0,vs35,2
  123| 000D40 xvadddp    F0001B02   1     VDFA      vs0=vs0,vs35,fcr
    0| 000D44 addi       38E0A868   1     LI        gr7=-22424
   64| 000D48 lxvd2x     7C233E98   1     VLQD      vs1=(double).rns0.(gr3,gr7,0)
    0| 000D4C addi       38E0A878   1     LI        gr7=-22408
   65| 000D50 lxvd2x     7C433E98   1     VLQD      vs2=(double).rns0.(gr3,gr7,0)
    0| 000D54 addi       38E0D060   1     LI        gr7=-12192
   73| 000D58 lxvd2x     7D633E98   1     VLQD      vs11=(double).rns0.(gr3,gr7,0)
    0| 000D5C addi       38E08040   1     LI        gr7=-32704
   79| 000D60 lxvd2x     7C033E99   1     VLQD      vs32=(double).rns0.(gr3,gr7,0)
    0| 000D64 addi       38E0A888   1     LI        gr7=-22392
   66| 000D68 lxvd2x     7C633E98   1     VLQD      vs3=(double).rns0.(gr3,gr7,0)
    0| 000D6C addi       38E0D070   1     LI        gr7=-12176
   74| 000D70 lxvd2x     7D433E98   1     VLQD      vs10=(double).rns0.(gr3,gr7,0)
    0| 000D74 addi       38E08050   1     LI        gr7=-32688
   80| 000D78 lxvd2x     7C233E99   1     VLQD      vs33=(double).rns0.(gr3,gr7,0)
    0| 000D7C addi       38E0D080   1     LI        gr7=-12160
   75| 000D80 lxvd2x     7C833E98   1     VLQD      vs4=(double).rns0.(gr3,gr7,0)
    0| 000D84 addi       38E08060   1     LI        gr7=-32672
   81| 000D88 lxvd2x     7CA33E98   1     VLQD      vs5=(double).rns0.(gr3,gr7,0)
  104| 000D8C xvadddp    F14A0B02   1     VDFA      vs10=vs10,vs33,fcr
    0| 000D90 addi       38E0D090   1     LI        gr7=-12144
   76| 000D94 lxvd2x     7D833E98   1     VLQD      vs12=(double).rns0.(gr3,gr7,0)
  103| 000D98 xvadddp    F16B0302   1     VDFA      vs11=vs11,vs32,fcr
    0| 000D9C addi       38E08070   1     LI        gr7=-32656
   82| 000DA0 lxvd2x     7DA33E98   1     VLQD      vs13=(double).rns0.(gr3,gr7,0)
   69| 000DA4 xxsldwi    F1030A14   1     VSLDWI    vs8=vs35,vs1,2
  105| 000DA8 xvadddp    F0E42B00   1     VDFA      vs7=vs4,vs5,fcr
   70| 000DAC xxsldwi    F0811210   1     VSLDWI    vs4=vs1,vs2,2
   71| 000DB0 xxsldwi    F0A21A10   1     VSLDWI    vs5=vs2,vs3,2
   85| 000DB4 addi       38E01898   1     LI        gr7=6296
   85| 000DB8 lxvd2x     7D253E98   1     VLQD      vs9=(double).rns0.(gr5,gr7,0)
  106| 000DBC xvadddp    F18C6B00   1     VDFA      vs12=vs12,vs13,fcr
   97| 000DC0 xvmuldp    F0DF3384   1     VDFM      vs6=vs63,vs6,fcr
   94| 000DC4 lxvd2x     7C844699   1     VLQD      vs36=(double).rns0.(gr4,gr8,0)
   98| 000DC8 xvmuldp    F11F4384   1     VDFM      vs8=vs63,vs8,fcr
   87| 000DCC addi       38E018B8   1     LI        gr7=6328
   87| 000DD0 lxvd2x     7DA53E98   1     VLQD      vs13=(double).rns0.(gr5,gr7,0)
  124| 000DD4 xvadddp    F0630B05   1     VDFA      vs35=vs35,vs1,fcr
   99| 000DD8 xvmuldp    F09F2384   1     VDFM      vs4=vs63,vs4,fcr
  125| 000DDC xvadddp    F0211300   1     VDFA      vs1=vs1,vs2,fcr
  100| 000DE0 xvmuldp    F0BF2B84   1     VDFM      vs5=vs63,vs5,fcr
   86| 000DE4 addi       38E018A8   1     LI        gr7=6312
   86| 000DE8 lxvd2x     7C053E99   1     VLQD      vs32=(double).rns0.(gr5,gr7,0)
  109| 000DEC xvmaddadp  F11E530C   1     VDFMA     vs8=vs8,vs62,vs10,fcr
  108| 000DF0 xvmaddadp  F0DE5B0C   1     VDFMA     vs6=vs6,vs62,vs11,fcr
   92| 000DF4 addi       38E02868   1     LI        gr7=10344
   92| 000DF8 lxvd2x     7C243E99   1     VLQD      vs33=(double).rns0.(gr4,gr7,0)
  111| 000DFC xvmaddadp  F0BE630C   1     VDFMA     vs5=vs5,vs62,vs12,fcr
  110| 000E00 xvmaddadp  F09E3B0C   1     VDFMA     vs4=vs4,vs62,vs7,fcr
   91| 000E04 addi       38E02858   1     LI        gr7=10328
   91| 000E08 lxvd2x     7C443E99   1     VLQD      vs34=(double).rns0.(gr4,gr7,0)
    0| 000E0C std        F9210150   1     ST8       #SPILL22(gr1,336)=gr9
  114| 000E10 xvadddp    F0000B07   1     VDFA      vs32=vs32,vs33,fcr
    0| 000E14 std        F8810158   1     ST8       #SPILL23(gr1,344)=gr4
  126| 000E18 xvadddp    F0431300   1     VDFA      vs2=vs3,vs2,fcr
   93| 000E1C addi       39002878   1     LI        gr8=10360
   93| 000E20 lxvd2x     7C244699   1     VLQD      vs33=(double).rns0.(gr4,gr8,0)
    0| 000E24 std        F8610160   1     ST8       #SPILL24(gr1,352)=gr3
  113| 000E28 xvadddp    F1291302   1     VDFA      vs9=vs9,vs34,fcr
  119| 000E2C xvmaddadp  F11E030E   1     VDFMA     vs8=vs8,vs62,vs32,fcr
   88| 000E30 addi       38E018C8   1     LI        gr7=6344
   88| 000E34 lxvd2x     7CA53E99   1     VLQD      vs37=(double).rns0.(gr5,gr7,0)
  129| 000E38 xvmaddadp  F11E1B0E   1     VDFMA     vs8=vs8,vs62,vs35,fcr
  118| 000E3C xvmaddadp  F0DE4B0C   1     VDFMA     vs6=vs6,vs62,vs9,fcr
  116| 000E40 xvadddp    F1452306   1     VDFA      vs10=vs37,vs36,fcr
    0| 000E44 addi       39040080   1     AI        gr8=gr4,128
    0| 000E48 std        F8010168   1     ST8       #SPILL25(gr1,360)=gr0
  115| 000E4C xvadddp    F06D0B02   1     VDFA      vs3=vs13,vs33,fcr
    0| 000E50 addi       388018B8   1     LI        gr4=6328
    0| 000E54 addi       392018C8   1     LI        gr9=6344
    0| 000E58 addi       38E30080   1     AI        gr7=gr3,128
  120| 000E5C xvmaddadp  F09E1B0C   1     VDFMA     vs4=vs4,vs62,vs3,fcr
  121| 000E60 xvmaddadp  F0BE530C   1     VDFMA     vs5=vs5,vs62,vs10,fcr
  128| 000E64 xvmaddadp  F0DE030C   1     VDFMA     vs6=vs6,vs62,vs0,fcr
  130| 000E68 xvmaddadp  F09E0B0C   1     VDFMA     vs4=vs4,vs62,vs1,fcr
    0| 000E6C addi       386018A8   1     LI        gr3=6312
  131| 000E70 xvmaddadp  F0BE130C   1     VDFMA     vs5=vs5,vs62,vs2,fcr
  131| 000E74 ori        60000000   1
  131| 000E78 ori        60000000   1
  131| 000E7C ori        60000000   1
    0|                                CL.509:
  133| 000E80 stxvd2x    7CC65F98   1     VSTQD     (double).rns0.(gr6,gr11,0)=vs6
    0| 000E84 addi       3A20D020   1     LI        gr17=-12256
  134| 000E88 stxvd2x    7D069F98   1     VSTQD     (double).rns0.(gr6,gr19,0)=vs8
  135| 000E8C stxvd2x    7C866798   1     VSTQD     (double).rns0.(gr6,gr12,0)=vs4
  136| 000E90 stxvd2x    7CA69798   1     VSTQD     (double).rns0.(gr6,gr18,0)=vs5
   73| 000E94 lxvd2x     7CE78E98   1     VLQD      vs7=(double).rns0.(gr7,gr17,0)
   74| 000E98 lxvd2x     7D07CE98   1     VLQD      vs8=(double).rns0.(gr7,gr25,0)
   75| 000E9C lxvd2x     7D87C698   1     VLQD      vs12=(double).rns0.(gr7,gr24,0)
    0| 000EA0 addi       3A20A838   1     LI        gr17=-22472
   79| 000EA4 lxvd2x     7D47DE98   1     VLQD      vs10=(double).rns0.(gr7,gr27,0)
   80| 000EA8 lxvd2x     7D27E698   1     VLQD      vs9=(double).rns0.(gr7,gr28,0)
   62| 000EAC lxvd2x     7C07FE98   1     VLQD      vs0=(double).rns0.(gr7,gr31,0)
   63| 000EB0 lxvd2x     7C27F698   1     VLQD      vs1=(double).rns0.(gr7,gr30,0)
   65| 000EB4 lxvd2x     7C678E98   1     VLQD      vs3=(double).rns0.(gr7,gr17,0)
   64| 000EB8 lxvd2x     7C47EE98   1     VLQD      vs2=(double).rns0.(gr7,gr29,0)
   66| 000EBC lxvd2x     7C875698   1     VLQD      vs4=(double).rns0.(gr7,gr10,0)
   81| 000EC0 lxvd2x     7DA7BE98   1     VLQD      vs13=(double).rns0.(gr7,gr23,0)
    0| 000EC4 addi       38A50080   1     AI        gr5=gr5,128
    0| 000EC8 addi       38001868   1     LI        gr0=6248
   82| 000ECC lxvd2x     7CA7B699   1     VLQD      vs37=(double).rns0.(gr7,gr22,0)
   76| 000ED0 lxvd2x     7C87D699   1     VLQD      vs36=(double).rns0.(gr7,gr26,0)
   68| 000ED4 xxsldwi    F1600A10   1     VSLDWI    vs11=vs0,vs1,2
    0| 000ED8 addi       3A202828   1     LI        gr17=10280
    0| 000EDC addi       3A002818   1     LI        gr16=10264
   70| 000EE0 xxsldwi    F0421A11   1     VSLDWI    vs34=vs2,vs3,2
   69| 000EE4 xxsldwi    F0211211   1     VSLDWI    vs33=vs1,vs2,2
    0| 000EE8 addi       39C01878   1     LI        gr14=6264
  103| 000EEC xvadddp    F0E75300   1     VDFA      vs7=vs7,vs10,fcr
    0| 000EF0 addi       39E02838   1     LI        gr15=10296
  104| 000EF4 xvadddp    F1084B00   1     VDFA      vs8=vs8,vs9,fcr
   85| 000EF8 lxvd2x     7CA5AE98   1     VLQD      vs5=(double).rns0.(gr5,gr21,0)
   86| 000EFC lxvd2x     7CC50698   1     VLQD      vs6=(double).rns0.(gr5,gr0,0)
   71| 000F00 xxsldwi    F0632211   1     VSLDWI    vs35=vs3,vs4,2
  105| 000F04 xvadddp    F18C6B00   1     VDFA      vs12=vs12,vs13,fcr
   91| 000F08 lxvd2x     7D288698   1     VLQD      vs9=(double).rns0.(gr8,gr16,0)
   92| 000F0C lxvd2x     7D488E98   1     VLQD      vs10=(double).rns0.(gr8,gr17,0)
   97| 000F10 xvmuldp    F17F5B84   1     VDFM      vs11=vs63,vs11,fcr
    0| 000F14 addi       3A001888   1     LI        gr16=6280
    0| 000F18 addi       3A202848   1     LI        gr17=10312
   99| 000F1C xvmuldp    F05F1387   1     VDFM      vs34=vs63,vs34,fcr
   87| 000F20 lxvd2x     7DA57698   1     VLQD      vs13=(double).rns0.(gr5,gr14,0)
    0| 000F24 addi       39C0D060   1     LI        gr14=-12192
   93| 000F28 lxvd2x     7C087E99   1     VLQD      vs32=(double).rns0.(gr8,gr15,0)
   98| 000F2C xvmuldp    F03F0B87   1     VDFM      vs33=vs63,vs33,fcr
  100| 000F30 xvmuldp    F07F1B87   1     VDFM      vs35=vs63,vs35,fcr
  106| 000F34 xvadddp    F0842B07   1     VDFA      vs36=vs36,vs37,fcr
   88| 000F38 lxvd2x     7CA58699   1     VLQD      vs37=(double).rns0.(gr5,gr16,0)
   94| 000F3C lxvd2x     7CC88E99   1     VLQD      vs38=(double).rns0.(gr8,gr17,0)
  125| 000F40 xvadddp    F0E21B01   1     VDFA      vs39=vs2,vs3,fcr
  126| 000F44 xvadddp    F0641B00   1     VDFA      vs3=vs4,vs3,fcr
  113| 000F48 xvadddp    F0854B00   1     VDFA      vs4=vs5,vs9,fcr
  114| 000F4C xvadddp    F0A65300   1     VDFA      vs5=vs6,vs10,fcr
  108| 000F50 xvmaddadp  F17E3B0C   1     VDFMA     vs11=vs11,vs62,vs7,fcr
  115| 000F54 xvadddp    F0CD0302   1     VDFA      vs6=vs13,vs32,fcr
  109| 000F58 xvmaddadp  F03E430D   1     VDFMA     vs33=vs33,vs62,vs8,fcr
  110| 000F5C xvmaddadp  F05E630D   1     VDFMA     vs34=vs34,vs62,vs12,fcr
  111| 000F60 xvmaddadp  F07E230F   1     VDFMA     vs35=vs35,vs62,vs36,fcr
  116| 000F64 xvadddp    F0E53306   1     VDFA      vs7=vs37,vs38,fcr
  123| 000F68 xvadddp    F0000B00   1     VDFA      vs0=vs0,vs1,fcr
  124| 000F6C xvadddp    F0211300   1     VDFA      vs1=vs1,vs2,fcr
  118| 000F70 xvmaddadp  F17E230C   1     VDFMA     vs11=vs11,vs62,vs4,fcr
  119| 000F74 xvmaddadp  F03E2B0D   1     VDFMA     vs33=vs33,vs62,vs5,fcr
  120| 000F78 xvmaddadp  F05E330D   1     VDFMA     vs34=vs34,vs62,vs6,fcr
  121| 000F7C xvmaddadp  F07E3B0D   1     VDFMA     vs35=vs35,vs62,vs7,fcr
    0| 000F80 addi       38C60080   1     AI        gr6=gr6,128
  128| 000F84 xvmaddadp  F17E030C   1     VDFMA     vs11=vs11,vs62,vs0,fcr
  129| 000F88 xvmaddadp  F03E0B0D   1     VDFMA     vs33=vs33,vs62,vs1,fcr
  130| 000F8C xvmaddadp  F05E3B0F   1     VDFMA     vs34=vs34,vs62,vs39,fcr
  131| 000F90 xvmaddadp  F07E1B0D   1     VDFMA     vs35=vs35,vs62,vs3,fcr
    0| 000F94 addi       3A00A830   1     LI        gr16=-22480
    0| 000F98 addi       3A20A820   1     LI        gr17=-22496
  133| 000F9C stxvd2x    7D66A798   1     VSTQD     (double).rns0.(gr6,gr20,0)=vs11
    0| 000FA0 addi       3800D070   1     LI        gr0=-12176
  135| 000FA4 stxvd2x    7C468799   1     VSTQD     (double).rns0.(gr6,gr16,0)=vs34
  134| 000FA8 stxvd2x    7C268F99   1     VSTQD     (double).rns0.(gr6,gr17,0)=vs33
    0| 000FAC addi       39E08040   1     LI        gr15=-32704
    0| 000FB0 addi       3A20D090   1     LI        gr17=-12144
  136| 000FB4 addi       3A00A840   1     LI        gr16=-22464
  136| 000FB8 stxvd2x    7C668799   1     VSTQD     (double).rns0.(gr6,gr16,0)=vs35
   73| 000FBC lxvd2x     7C077698   1     VLQD      vs0=(double).rns0.(gr7,gr14,0)
    0| 000FC0 addi       39C08060   1     LI        gr14=-32672
   74| 000FC4 lxvd2x     7C270698   1     VLQD      vs1=(double).rns0.(gr7,gr0,0)
    0| 000FC8 addi       3A008050   1     LI        gr16=-32688
   75| 000FCC addi       3800D080   1     LI        gr0=-12160
   75| 000FD0 lxvd2x     7C470698   1     VLQD      vs2=(double).rns0.(gr7,gr0,0)
   76| 000FD4 lxvd2x     7C678E98   1     VLQD      vs3=(double).rns0.(gr7,gr17,0)
   79| 000FD8 lxvd2x     7C877E98   1     VLQD      vs4=(double).rns0.(gr7,gr15,0)
    0| 000FDC addi       3A20A858   1     LI        gr17=-22440
   80| 000FE0 lxvd2x     7CA78698   1     VLQD      vs5=(double).rns0.(gr7,gr16,0)
    0| 000FE4 addi       3800A868   1     LI        gr0=-22424
   81| 000FE8 lxvd2x     7CC77698   1     VLQD      vs6=(double).rns0.(gr7,gr14,0)
   62| 000FEC lxvd2x     7CE75698   1     VLQD      vs7=(double).rns0.(gr7,gr10,0)
    0| 000FF0 addi       3A00A888   1     LI        gr16=-22392
    0| 000FF4 addi       39E0A878   1     LI        gr15=-22408
   82| 000FF8 addi       39C08070   1     LI        gr14=-32656
   82| 000FFC lxvd2x     7D077698   1     VLQD      vs8=(double).rns0.(gr7,gr14,0)
   64| 001000 lxvd2x     7D470698   1     VLQD      vs10=(double).rns0.(gr7,gr0,0)
    0| 001004 addi       39C01898   1     LI        gr14=6296
   63| 001008 lxvd2x     7D278E98   1     VLQD      vs9=(double).rns0.(gr7,gr17,0)
   65| 00100C lxvd2x     7D677E98   1     VLQD      vs11=(double).rns0.(gr7,gr15,0)
   66| 001010 lxvd2x     7D878698   1     VLQD      vs12=(double).rns0.(gr7,gr16,0)
    0| 001014 addi       38E70080   1     AI        gr7=gr7,128
   85| 001018 lxvd2x     7DA57698   1     VLQD      vs13=(double).rns0.(gr5,gr14,0)
    0| 00101C addi       3A202888   1     LI        gr17=10376
   86| 001020 lxvd2x     7C051E99   1     VLQD      vs32=(double).rns0.(gr5,gr3,0)
    0| 001024 addi       3A002878   1     LI        gr16=10360
   88| 001028 lxvd2x     7C454E99   1     VLQD      vs34=(double).rns0.(gr5,gr9,0)
    0| 00102C addi       39E02868   1     LI        gr15=10344
    0| 001030 addi       39C02858   1     LI        gr14=10328
   87| 001034 lxvd2x     7C252699   1     VLQD      vs33=(double).rns0.(gr5,gr4,0)
   94| 001038 lxvd2x     7C888E99   1     VLQD      vs36=(double).rns0.(gr8,gr17,0)
   93| 00103C lxvd2x     7C688699   1     VLQD      vs35=(double).rns0.(gr8,gr16,0)
   68| 001040 xxsldwi    F0A74A11   1     VSLDWI    vs37=vs7,vs9,2
   69| 001044 xxsldwi    F0C95211   1     VSLDWI    vs38=vs9,vs10,2
  103| 001048 xvadddp    F0002300   1     VDFA      vs0=vs0,vs4,fcr
   91| 00104C lxvd2x     7CE87699   1     VLQD      vs39=(double).rns0.(gr8,gr14,0)
  104| 001050 xvadddp    F0212B00   1     VDFA      vs1=vs1,vs5,fcr
   92| 001054 lxvd2x     7D087E99   1     VLQD      vs40=(double).rns0.(gr8,gr15,0)
   70| 001058 xxsldwi    F08A5A10   1     VSLDWI    vs4=vs10,vs11,2
   71| 00105C xxsldwi    F0AB6210   1     VSLDWI    vs5=vs11,vs12,2
  105| 001060 xvadddp    F0423300   1     VDFA      vs2=vs2,vs6,fcr
  106| 001064 xvadddp    F0634300   1     VDFA      vs3=vs3,vs8,fcr
   98| 001068 xvmuldp    F11F3386   1     VDFM      vs8=vs63,vs38,fcr
   97| 00106C xvmuldp    F0DF2B86   1     VDFM      vs6=vs63,vs37,fcr
   99| 001070 xvmuldp    F09F2384   1     VDFM      vs4=vs63,vs4,fcr
  100| 001074 xvmuldp    F0BF2B84   1     VDFM      vs5=vs63,vs5,fcr
  115| 001078 xvadddp    F0211B07   1     VDFA      vs33=vs33,vs35,fcr
  116| 00107C xvadddp    F0422307   1     VDFA      vs34=vs34,vs36,fcr
  114| 001080 xvadddp    F0004307   1     VDFA      vs32=vs32,vs40,fcr
  113| 001084 xvadddp    F1AD3B02   1     VDFA      vs13=vs13,vs39,fcr
  125| 001088 xvadddp    F06A5B01   1     VDFA      vs35=vs10,vs11,fcr
  126| 00108C xvadddp    F16C5B00   1     VDFA      vs11=vs12,vs11,fcr
  108| 001090 xvmaddadp  F0DE030C   1     VDFMA     vs6=vs6,vs62,vs0,fcr
  109| 001094 xvmaddadp  F11E0B0C   1     VDFMA     vs8=vs8,vs62,vs1,fcr
  110| 001098 xvmaddadp  F09E130C   1     VDFMA     vs4=vs4,vs62,vs2,fcr
  111| 00109C xvmaddadp  F0BE1B0C   1     VDFMA     vs5=vs5,vs62,vs3,fcr
  123| 0010A0 xvadddp    F0074B00   1     VDFA      vs0=vs7,vs9,fcr
  124| 0010A4 xvadddp    F0295300   1     VDFA      vs1=vs9,vs10,fcr
  118| 0010A8 xvmaddadp  F0DE6B0C   1     VDFMA     vs6=vs6,vs62,vs13,fcr
  119| 0010AC xvmaddadp  F11E030E   1     VDFMA     vs8=vs8,vs62,vs32,fcr
  120| 0010B0 xvmaddadp  F09E0B0E   1     VDFMA     vs4=vs4,vs62,vs33,fcr
  121| 0010B4 xvmaddadp  F0BE130E   1     VDFMA     vs5=vs5,vs62,vs34,fcr
    0| 0010B8 addi       39080080   1     AI        gr8=gr8,128
  130| 0010BC xvmaddadp  F09E1B0E   1     VDFMA     vs4=vs4,vs62,vs35,fcr
  128| 0010C0 xvmaddadp  F0DE030C   1     VDFMA     vs6=vs6,vs62,vs0,fcr
  129| 0010C4 xvmaddadp  F11E0B0C   1     VDFMA     vs8=vs8,vs62,vs1,fcr
  131| 0010C8 xvmaddadp  F0BE5B0C   1     VDFMA     vs5=vs5,vs62,vs11,fcr
    0| 0010CC bc         4200FDB4   0     BCT       ctr=CL.509,taken=100%(100,0)
    0| 0010D0 ld         E8610160   2     L8        gr3=#SPILL24(gr1,352)
    0| 0010D4 addi       3A20A838   1     LI        gr17=-22472
    0| 0010D8 ld         E8810158   1     L8        gr4=#SPILL23(gr1,344)
    0| 0010DC addi       3900A820   1     LI        gr8=-22496
    0| 0010E0 addi       38A02838   1     LI        gr5=10296
    0| 0010E4 addi       38E02848   1     LI        gr7=10312
    0| 0010E8 addi       38632810   1     AI        gr3=gr3,10256
    0| 0010EC addi       3A00D020   1     LI        gr16=-12256
    0| 0010F0 std        F8A100F0   1     ST8       #SPILL10(gr1,240)=gr5
    0| 0010F4 std        F8E10108   1     ST8       #SPILL13(gr1,264)=gr7
    0| 0010F8 ld         E8E10140   1     L8        gr7=#SPILL20(gr1,320)
   51| 0010FC ld         E8A10138   1     L8        gr5=#SPILL19(gr1,312)
    0| 001100 std        F90100F8   1     ST8       #SPILL11(gr1,248)=gr8
    0| 001104 ld         E9010148   1     L8        gr8=#SPILL21(gr1,328)
    0| 001108 addi       39C01868   1     LI        gr14=6248
   51| 00110C cmpldi     28250280   1     CL8       cr0=gr5,640
    0| 001110 addi       39E02818   1     LI        gr15=10264
    0| 001114 addi       3940A830   1     LI        gr10=-22480
    0| 001118 addi       39082810   1     AI        gr8=gr8,10256
    0| 00111C ld         E8010168   1     L8        gr0=#SPILL25(gr1,360)
    0| 001120 std        FA2100B8   1     ST8       #SPILL3(gr1,184)=gr17
    0| 001124 ld         E9210150   1     L8        gr9=#SPILL22(gr1,336)
    0| 001128 addi       38E72810   1     AI        gr7=gr7,10256
    0| 00112C addi       3A20A840   1     LI        gr17=-22464
  133| 001130 stxvd2x    7CC65F98   1     VSTQD     (double).rns0.(gr6,gr11,0)=vs6
    0| 001134 std        F9C100C8   1     ST8       #SPILL5(gr1,200)=gr14
    0| 001138 std        F9E100E0   1     ST8       #SPILL8(gr1,224)=gr15
    0| 00113C std        FA0100C0   1     ST8       #SPILL4(gr1,192)=gr16
    0| 001140 addi       38842810   1     AI        gr4=gr4,10256
  134| 001144 stxvd2x    7D069F98   1     VSTQD     (double).rns0.(gr6,gr19,0)=vs8
    0| 001148 std        F8E10140   1     ST8       #SPILL20(gr1,320)=gr7
    0| 00114C addi       39E01878   1     LI        gr15=6264
    0| 001150 addi       39C01888   1     LI        gr14=6280
    0| 001154 std        F9410100   1     ST8       #SPILL12(gr1,256)=gr10
  135| 001158 stxvd2x    7C866798   1     VSTQD     (double).rns0.(gr6,gr12,0)=vs4
    0| 00115C std        F9010148   1     ST8       #SPILL21(gr1,328)=gr8
    0| 001160 addi       3A002828   1     LI        gr16=10280
  136| 001164 stxvd2x    7CA69798   1     VSTQD     (double).rns0.(gr6,gr18,0)=vs5
   51| 001168 bc         4180FA90   0     BT        CL.143,cr0,0x8/llt,taken=80%(80,20)
  138| 00116C ld         E8610118   2     L8        gr3=#SPILL15(gr1,280)
    0| 001170 ld         E88100D0   1     L8        gr4=#SPILL6(gr1,208)
    0| 001174 ld         E8A10128   1     L8        gr5=#SPILL17(gr1,296)
    0| 001178 ld         E8C10130   1     L8        gr6=#SPILL18(gr1,304)
  138| 00117C ld         E8E10120   1     L8        gr7=#SPILL16(gr1,288)
  138| 001180 addi       38630001   1     AI        gr3=gr3,1
  138| 001184 std        F8610118   1     ST8       #SPILL15(gr1,280)=gr3
    0| 001188 add        7C002214   1     A         gr0=gr0,gr4
    0| 00118C add        7D292214   1     A         gr9=gr9,gr4
    0| 001190 add        7CA52214   1     A         gr5=gr5,gr4
  138| 001194 cmpld      7C233840   1     CL8       cr0=gr3,gr7
    0| 001198 add        7CC62214   1     A         gr6=gr6,gr4
    0| 00119C std        F8A10128   1     ST8       #SPILL17(gr1,296)=gr5
    0| 0011A0 std        F8C10130   1     ST8       #SPILL18(gr1,304)=gr6
  138| 0011A4 bc         4180FA3C   0     BT        CL.141,cr0,0x8/llt,taken=80%(80,20)
  138| 0011A8 ld         E86100A8   2     L8        gr3=#SPILL1(gr1,168)
  138| 0011AC addi       38810088   1     AI        gr4=gr1,136
  138| 0011B0 addi       38A10090   1     AI        gr5=gr1,144
  138| 0011B4 bl         48000001   0     CALLN     gr3=_lomp_Loop_Next,3,#ENV:kernel_simd$$OL$$1,gr3,$$myLB0",gr4,$$myUB0",gr5,_lomp_Loop_Next,_lomp_Loop_Next",gr1,cr[01567]",gr0",gr2",gr4"-gr12",vs0"-vs13",mq",lr",xer",fsr",ca",ctr",nj",vs0"-vs13",vs32"-vs51"
  138| 0011B8 ori        60000000   1
  138| 0011BC ld         E8010088   1     L8        gr0=$$myLB0(gr1,136)
  138| 0011C0 ld         E8810090   1     L8        gr4=$$myUB0(gr1,144)
  138| 0011C4 cmpd       7C202000   2     C8        cr0=gr0,gr4
  138| 0011C8 bc         4180F9D8   1     BT        CL.139,cr0,0x1/lt,taken=80%(80,20)
    0| 0011CC ld         EBE10218   1     L8        gr31=#stack(gr1,536)
    0| 0011D0 ld         EBC10210   1     L8        gr30=#stack(gr1,528)
    0| 0011D4 ld         EBA10208   1     L8        gr29=#stack(gr1,520)
    0| 0011D8 ld         EB810200   1     L8        gr28=#stack(gr1,512)
    0| 0011DC ld         EB6101F8   1     L8        gr27=#stack(gr1,504)
    0| 0011E0 ld         EB4101F0   1     L8        gr26=#stack(gr1,496)
    0| 0011E4 ld         EAC101D0   1     L8        gr22=#stack(gr1,464)
    0| 0011E8 ld         EB2101E8   1     L8        gr25=#stack(gr1,488)
    0| 0011EC ld         EAA101C8   1     L8        gr21=#stack(gr1,456)
    0| 0011F0 ld         EB0101E0   1     L8        gr24=#stack(gr1,480)
    0| 0011F4 ld         EA8101C0   1     L8        gr20=#stack(gr1,448)
    0| 0011F8 ld         EAE101D8   1     L8        gr23=#stack(gr1,472)
    0| 0011FC ld         EA0101A0   1     L8        gr16=#stack(gr1,416)
    0| 001200 ld         EA6101B8   1     L8        gr19=#stack(gr1,440)
    0| 001204 ld         E9E10198   1     L8        gr15=#stack(gr1,408)
    0| 001208 ld         EA4101B0   1     L8        gr18=#stack(gr1,432)
    0| 00120C ld         E9C10190   1     L8        gr14=#stack(gr1,400)
    0| 001210 ld         EA2101A8   1     L8        gr17=#stack(gr1,424)
  138|                                CL.138:
  138| 001214 addi       38600004   1     LI        gr3=4
  138| 001218 ld         E88100A8   1     L8        gr4=#SPILL1(gr1,168)
  138| 00121C bl         48000001   0     CALL      _lomp_Loop_End,2,#ENV:kernel_simd$$OL$$1,gr3,gr4,$$SHADW.BarrierDef$$133,$$SHADW.BarrierDef$$133",_lomp_Loop_End",fcr,gr1,cr[01567]",gr0",gr2",gr3"-gr12",vs0"-vs13",mq",lr",xer",fsr",ca",ctr",nj",vs0"-vs13",vs32"-vs51"
  138| 001220 ori        60000000   1
  138| 001224 ld         E86100A0   1     L8        gr3=#SPILL0(gr1,160)
  138| 001228 bl         48000001   0     CALL      _lomp_Barrier,1,#ENV:kernel_simd$$OL$$1,gr3,$$SeenBVar0,$$SeenBVar0",_lomp_Barrier",fcr,gr1,cr[01567]",gr0",gr2",gr3"-gr12",vs0"-vs13",mq",lr",xer",fsr",ca",ctr",nj",vs0"-vs13",vs32"-vs51"
  138| 00122C ori        60000000   1
    0| 001230 ld         E8010230   1     L8        gr0=#stack(gr1,560)
  138| 001234 addi       38210220   1     AI        gr1=gr1,544
    0| 001238 mtspr      7C0803A6   1     LLR       lr=gr0
    0| 00123C addi       3800FF50   1     LI        gr0=-176
    0| 001240 lvx        7FC100CE   1     VLQ       vs62=#stack(gr1,gr0)
    0| 001244 addi       3800FF60   1     LI        gr0=-160
    0| 001248 lvx        7FE100CE   1     VLQ       vs63=#stack(gr1,gr0)
  138| 00124C bclr       4E800020   0     BA        lr
    0|                                CL.547:
    0| 001250 ld         EBC10210   1     L8        gr30=#stack(gr1,528)
    0| 001254 ld         EBA10208   1     L8        gr29=#stack(gr1,520)
    0| 001258 b          4BFFFFBC   0     B         CL.138,-1
     |               Tag Table
     | 00125C        00000000 00003201 80120000 5C080000
     |               Instruction count          535
     |               Straight-line exec time    531
     |               Constant Area
     | 000000        FCA9F1D2 4D62603F FCA9F1D2 4D62503F FA7E6ABC 7493683F
     | 000018        CD3B7F66 9EA0F63F 3D3D3D3D 3D3D3D3D 3D3D3D3D 3D3D3D3D
     | 000030        3D3D3D3D 3D3D3D63 6865636B 20626567 696E733D 3D3D3D3D
     | 000048        3D3D3D3D 3D3D3D3D 3D3D3D3D 3D3D3D3D 3D3D3D3D 3D3D0A00
     | 000060        9A999999 9999D93F 33333333 3333D33F F168E388 B5F8E43E
     | 000078        252E3136 6C662000 53756363 65737321 0A004942 3D3D3D3D
     | 000090        3D3D3D3D 3D3D3D3D 3D3D3D3D 3D3D3D3D 3D3D3D3D 63686563
     | 0000A8        6B20656E 64733D3D 3D3D3D3D 3D3D3D3D 3D3D3D3D 3D3D3D3D
     | 0000C0        3D3D3D3D 3D3D3D3D 3D3D0A00 49424D20 9A999999 9999D93F
     | 0000D8        33333333 3333D33F 00401C46 496E6974 0A004942 3D3D3D3D
     | 0000F0        3D73696D 64207061 72743D3D 3D3D3D0A 0049424D 2049424D
     | 000108        8DEDB5A0 F7C6B03E 54494D45 3A20256C 660A0049 00803B4F
     | 000120        95D626E8 0B2E113E 53696D64 204D696E 2054696D 653A2025
     | 000138        6C660A53 696D6420 62657374 20706572 666F726D 616E6365
     | 000150        20697320 256C6620 47666C6F 70730A00 7B14AE47 E17A943F
     | 000168        00004842 41564720 54696D65 203A2025 6C660A20 41564720
     | 000180        70657266 6F726D61 6E636520 69732025 6C662047 666C6F70
     | 000198        730A00
